<?xml version="1.0" encoding="UTF-8"?>
<testsuite xmlns:xsi="http://www.w3.org/2001/XMLSchema-instance" xsi:noNamespaceSchemaLocation="https://maven.apache.org/surefire/maven-surefire-plugin/xsd/surefire-test-report.xsd" name="edu.northeastern.cs5200.TestAll" time="79.707" tests="10" errors="0" skipped="0" failures="2">
  <properties>
    <property name="sun.desktop" value="windows"/>
    <property name="awt.toolkit" value="sun.awt.windows.WToolkit"/>
    <property name="file.encoding.pkg" value="sun.io"/>
    <property name="java.specification.version" value="1.8"/>
    <property name="sun.cpu.isalist" value="amd64"/>
    <property name="sun.jnu.encoding" value="Cp1252"/>
    <property name="java.class.path" value="C:\Users\jaiso\Documents\workspace-sts-3.9.5.RELEASE\demo\target\test-classes;C:\Users\jaiso\Documents\workspace-sts-3.9.5.RELEASE\demo\target\classes;C:\Users\jaiso\.m2\repository\org\springframework\boot\spring-boot-starter-data-jpa\2.1.0.RELEASE\spring-boot-starter-data-jpa-2.1.0.RELEASE.jar;C:\Users\jaiso\.m2\repository\org\springframework\boot\spring-boot-starter-aop\2.1.0.RELEASE\spring-boot-starter-aop-2.1.0.RELEASE.jar;C:\Users\jaiso\.m2\repository\org\springframework\spring-aop\5.1.2.RELEASE\spring-aop-5.1.2.RELEASE.jar;C:\Users\jaiso\.m2\repository\org\aspectj\aspectjweaver\1.9.2\aspectjweaver-1.9.2.jar;C:\Users\jaiso\.m2\repository\org\springframework\boot\spring-boot-starter-jdbc\2.1.0.RELEASE\spring-boot-starter-jdbc-2.1.0.RELEASE.jar;C:\Users\jaiso\.m2\repository\com\zaxxer\HikariCP\3.2.0\HikariCP-3.2.0.jar;C:\Users\jaiso\.m2\repository\org\springframework\spring-jdbc\5.1.2.RELEASE\spring-jdbc-5.1.2.RELEASE.jar;C:\Users\jaiso\.m2\repository\javax\transaction\javax.transaction-api\1.3\javax.transaction-api-1.3.jar;C:\Users\jaiso\.m2\repository\javax\xml\bind\jaxb-api\2.3.1\jaxb-api-2.3.1.jar;C:\Users\jaiso\.m2\repository\javax\activation\javax.activation-api\1.2.0\javax.activation-api-1.2.0.jar;C:\Users\jaiso\.m2\repository\org\hibernate\hibernate-core\5.3.7.Final\hibernate-core-5.3.7.Final.jar;C:\Users\jaiso\.m2\repository\org\jboss\logging\jboss-logging\3.3.2.Final\jboss-logging-3.3.2.Final.jar;C:\Users\jaiso\.m2\repository\javax\persistence\javax.persistence-api\2.2\javax.persistence-api-2.2.jar;C:\Users\jaiso\.m2\repository\org\javassist\javassist\3.23.1-GA\javassist-3.23.1-GA.jar;C:\Users\jaiso\.m2\repository\net\bytebuddy\byte-buddy\1.9.3\byte-buddy-1.9.3.jar;C:\Users\jaiso\.m2\repository\antlr\antlr\2.7.7\antlr-2.7.7.jar;C:\Users\jaiso\.m2\repository\org\jboss\jandex\2.0.5.Final\jandex-2.0.5.Final.jar;C:\Users\jaiso\.m2\repository\com\fasterxml\classmate\1.4.0\classmate-1.4.0.jar;C:\Users\jaiso\.m2\repository\org\dom4j\dom4j\2.1.1\dom4j-2.1.1.jar;C:\Users\jaiso\.m2\repository\org\hibernate\common\hibernate-commons-annotations\5.0.4.Final\hibernate-commons-annotations-5.0.4.Final.jar;C:\Users\jaiso\.m2\repository\org\springframework\data\spring-data-jpa\2.1.2.RELEASE\spring-data-jpa-2.1.2.RELEASE.jar;C:\Users\jaiso\.m2\repository\org\springframework\data\spring-data-commons\2.1.2.RELEASE\spring-data-commons-2.1.2.RELEASE.jar;C:\Users\jaiso\.m2\repository\org\springframework\spring-orm\5.1.2.RELEASE\spring-orm-5.1.2.RELEASE.jar;C:\Users\jaiso\.m2\repository\org\springframework\spring-context\5.1.2.RELEASE\spring-context-5.1.2.RELEASE.jar;C:\Users\jaiso\.m2\repository\org\springframework\spring-tx\5.1.2.RELEASE\spring-tx-5.1.2.RELEASE.jar;C:\Users\jaiso\.m2\repository\org\springframework\spring-beans\5.1.2.RELEASE\spring-beans-5.1.2.RELEASE.jar;C:\Users\jaiso\.m2\repository\org\slf4j\slf4j-api\1.7.25\slf4j-api-1.7.25.jar;C:\Users\jaiso\.m2\repository\org\springframework\spring-aspects\5.1.2.RELEASE\spring-aspects-5.1.2.RELEASE.jar;C:\Users\jaiso\.m2\repository\org\springframework\boot\spring-boot-starter-web\2.1.0.RELEASE\spring-boot-starter-web-2.1.0.RELEASE.jar;C:\Users\jaiso\.m2\repository\org\springframework\boot\spring-boot-starter\2.1.0.RELEASE\spring-boot-starter-2.1.0.RELEASE.jar;C:\Users\jaiso\.m2\repository\org\springframework\boot\spring-boot\2.1.0.RELEASE\spring-boot-2.1.0.RELEASE.jar;C:\Users\jaiso\.m2\repository\org\springframework\boot\spring-boot-autoconfigure\2.1.0.RELEASE\spring-boot-autoconfigure-2.1.0.RELEASE.jar;C:\Users\jaiso\.m2\repository\org\springframework\boot\spring-boot-starter-logging\2.1.0.RELEASE\spring-boot-starter-logging-2.1.0.RELEASE.jar;C:\Users\jaiso\.m2\repository\ch\qos\logback\logback-classic\1.2.3\logback-classic-1.2.3.jar;C:\Users\jaiso\.m2\repository\ch\qos\logback\logback-core\1.2.3\logback-core-1.2.3.jar;C:\Users\jaiso\.m2\repository\org\apache\logging\log4j\log4j-to-slf4j\2.11.1\log4j-to-slf4j-2.11.1.jar;C:\Users\jaiso\.m2\repository\org\apache\logging\log4j\log4j-api\2.11.1\log4j-api-2.11.1.jar;C:\Users\jaiso\.m2\repository\org\slf4j\jul-to-slf4j\1.7.25\jul-to-slf4j-1.7.25.jar;C:\Users\jaiso\.m2\repository\org\yaml\snakeyaml\1.23\snakeyaml-1.23.jar;C:\Users\jaiso\.m2\repository\org\springframework\boot\spring-boot-starter-json\2.1.0.RELEASE\spring-boot-starter-json-2.1.0.RELEASE.jar;C:\Users\jaiso\.m2\repository\com\fasterxml\jackson\core\jackson-databind\2.9.7\jackson-databind-2.9.7.jar;C:\Users\jaiso\.m2\repository\com\fasterxml\jackson\core\jackson-annotations\2.9.0\jackson-annotations-2.9.0.jar;C:\Users\jaiso\.m2\repository\com\fasterxml\jackson\core\jackson-core\2.9.7\jackson-core-2.9.7.jar;C:\Users\jaiso\.m2\repository\com\fasterxml\jackson\datatype\jackson-datatype-jdk8\2.9.7\jackson-datatype-jdk8-2.9.7.jar;C:\Users\jaiso\.m2\repository\com\fasterxml\jackson\datatype\jackson-datatype-jsr310\2.9.7\jackson-datatype-jsr310-2.9.7.jar;C:\Users\jaiso\.m2\repository\com\fasterxml\jackson\module\jackson-module-parameter-names\2.9.7\jackson-module-parameter-names-2.9.7.jar;C:\Users\jaiso\.m2\repository\org\hibernate\validator\hibernate-validator\6.0.13.Final\hibernate-validator-6.0.13.Final.jar;C:\Users\jaiso\.m2\repository\javax\validation\validation-api\2.0.1.Final\validation-api-2.0.1.Final.jar;C:\Users\jaiso\.m2\repository\org\springframework\spring-web\5.1.2.RELEASE\spring-web-5.1.2.RELEASE.jar;C:\Users\jaiso\.m2\repository\org\springframework\spring-webmvc\5.1.2.RELEASE\spring-webmvc-5.1.2.RELEASE.jar;C:\Users\jaiso\.m2\repository\org\springframework\spring-expression\5.1.2.RELEASE\spring-expression-5.1.2.RELEASE.jar;C:\Users\jaiso\.m2\repository\org\springframework\boot\spring-boot-starter-tomcat\2.1.0.RELEASE\spring-boot-starter-tomcat-2.1.0.RELEASE.jar;C:\Users\jaiso\.m2\repository\javax\annotation\javax.annotation-api\1.3.2\javax.annotation-api-1.3.2.jar;C:\Users\jaiso\.m2\repository\org\apache\tomcat\embed\tomcat-embed-core\9.0.12\tomcat-embed-core-9.0.12.jar;C:\Users\jaiso\.m2\repository\org\apache\tomcat\embed\tomcat-embed-el\9.0.12\tomcat-embed-el-9.0.12.jar;C:\Users\jaiso\.m2\repository\org\apache\tomcat\embed\tomcat-embed-websocket\9.0.12\tomcat-embed-websocket-9.0.12.jar;C:\Users\jaiso\.m2\repository\org\springframework\boot\spring-boot-starter-test\2.1.0.RELEASE\spring-boot-starter-test-2.1.0.RELEASE.jar;C:\Users\jaiso\.m2\repository\org\springframework\boot\spring-boot-test\2.1.0.RELEASE\spring-boot-test-2.1.0.RELEASE.jar;C:\Users\jaiso\.m2\repository\org\springframework\boot\spring-boot-test-autoconfigure\2.1.0.RELEASE\spring-boot-test-autoconfigure-2.1.0.RELEASE.jar;C:\Users\jaiso\.m2\repository\com\jayway\jsonpath\json-path\2.4.0\json-path-2.4.0.jar;C:\Users\jaiso\.m2\repository\net\minidev\json-smart\2.3\json-smart-2.3.jar;C:\Users\jaiso\.m2\repository\net\minidev\accessors-smart\1.2\accessors-smart-1.2.jar;C:\Users\jaiso\.m2\repository\org\ow2\asm\asm\5.0.4\asm-5.0.4.jar;C:\Users\jaiso\.m2\repository\junit\junit\4.12\junit-4.12.jar;C:\Users\jaiso\.m2\repository\org\assertj\assertj-core\3.11.1\assertj-core-3.11.1.jar;C:\Users\jaiso\.m2\repository\org\mockito\mockito-core\2.23.0\mockito-core-2.23.0.jar;C:\Users\jaiso\.m2\repository\net\bytebuddy\byte-buddy-agent\1.9.3\byte-buddy-agent-1.9.3.jar;C:\Users\jaiso\.m2\repository\org\objenesis\objenesis\2.6\objenesis-2.6.jar;C:\Users\jaiso\.m2\repository\org\hamcrest\hamcrest-core\1.3\hamcrest-core-1.3.jar;C:\Users\jaiso\.m2\repository\org\hamcrest\hamcrest-library\1.3\hamcrest-library-1.3.jar;C:\Users\jaiso\.m2\repository\org\skyscreamer\jsonassert\1.5.0\jsonassert-1.5.0.jar;C:\Users\jaiso\.m2\repository\com\vaadin\external\google\android-json\0.0.20131108.vaadin1\android-json-0.0.20131108.vaadin1.jar;C:\Users\jaiso\.m2\repository\org\springframework\spring-core\5.1.2.RELEASE\spring-core-5.1.2.RELEASE.jar;C:\Users\jaiso\.m2\repository\org\springframework\spring-jcl\5.1.2.RELEASE\spring-jcl-5.1.2.RELEASE.jar;C:\Users\jaiso\.m2\repository\org\springframework\spring-test\5.1.2.RELEASE\spring-test-5.1.2.RELEASE.jar;C:\Users\jaiso\.m2\repository\org\xmlunit\xmlunit-core\2.6.2\xmlunit-core-2.6.2.jar;C:\Users\jaiso\.m2\repository\mysql\mysql-connector-java\5.1.45\mysql-connector-java-5.1.45.jar;"/>
    <property name="java.vm.vendor" value="Oracle Corporation"/>
    <property name="sun.arch.data.model" value="64"/>
    <property name="user.variant" value=""/>
    <property name="java.vendor.url" value="http://java.oracle.com/"/>
    <property name="user.timezone" value="America/New_York"/>
    <property name="java.vm.specification.version" value="1.8"/>
    <property name="os.name" value="Windows 10"/>
    <property name="user.country" value="US"/>
    <property name="sun.java.launcher" value="SUN_STANDARD"/>
    <property name="sun.boot.library.path" value="C:\Program Files\Java\jdk1.8.0_171\jre\bin"/>
    <property name="sun.java.command" value="C:\Users\jaiso\AppData\Local\Temp\surefire1633195027940395680\surefirebooter286465605259008814.jar C:\Users\jaiso\AppData\Local\Temp\surefire1633195027940395680 2018-11-18T23-44-16_804-jvmRun1 surefire2654676635526390007tmp surefire_05397781722459009299tmp"/>
    <property name="surefire.test.class.path" value="C:\Users\jaiso\Documents\workspace-sts-3.9.5.RELEASE\demo\target\test-classes;C:\Users\jaiso\Documents\workspace-sts-3.9.5.RELEASE\demo\target\classes;C:\Users\jaiso\.m2\repository\org\springframework\boot\spring-boot-starter-data-jpa\2.1.0.RELEASE\spring-boot-starter-data-jpa-2.1.0.RELEASE.jar;C:\Users\jaiso\.m2\repository\org\springframework\boot\spring-boot-starter-aop\2.1.0.RELEASE\spring-boot-starter-aop-2.1.0.RELEASE.jar;C:\Users\jaiso\.m2\repository\org\springframework\spring-aop\5.1.2.RELEASE\spring-aop-5.1.2.RELEASE.jar;C:\Users\jaiso\.m2\repository\org\aspectj\aspectjweaver\1.9.2\aspectjweaver-1.9.2.jar;C:\Users\jaiso\.m2\repository\org\springframework\boot\spring-boot-starter-jdbc\2.1.0.RELEASE\spring-boot-starter-jdbc-2.1.0.RELEASE.jar;C:\Users\jaiso\.m2\repository\com\zaxxer\HikariCP\3.2.0\HikariCP-3.2.0.jar;C:\Users\jaiso\.m2\repository\org\springframework\spring-jdbc\5.1.2.RELEASE\spring-jdbc-5.1.2.RELEASE.jar;C:\Users\jaiso\.m2\repository\javax\transaction\javax.transaction-api\1.3\javax.transaction-api-1.3.jar;C:\Users\jaiso\.m2\repository\javax\xml\bind\jaxb-api\2.3.1\jaxb-api-2.3.1.jar;C:\Users\jaiso\.m2\repository\javax\activation\javax.activation-api\1.2.0\javax.activation-api-1.2.0.jar;C:\Users\jaiso\.m2\repository\org\hibernate\hibernate-core\5.3.7.Final\hibernate-core-5.3.7.Final.jar;C:\Users\jaiso\.m2\repository\org\jboss\logging\jboss-logging\3.3.2.Final\jboss-logging-3.3.2.Final.jar;C:\Users\jaiso\.m2\repository\javax\persistence\javax.persistence-api\2.2\javax.persistence-api-2.2.jar;C:\Users\jaiso\.m2\repository\org\javassist\javassist\3.23.1-GA\javassist-3.23.1-GA.jar;C:\Users\jaiso\.m2\repository\net\bytebuddy\byte-buddy\1.9.3\byte-buddy-1.9.3.jar;C:\Users\jaiso\.m2\repository\antlr\antlr\2.7.7\antlr-2.7.7.jar;C:\Users\jaiso\.m2\repository\org\jboss\jandex\2.0.5.Final\jandex-2.0.5.Final.jar;C:\Users\jaiso\.m2\repository\com\fasterxml\classmate\1.4.0\classmate-1.4.0.jar;C:\Users\jaiso\.m2\repository\org\dom4j\dom4j\2.1.1\dom4j-2.1.1.jar;C:\Users\jaiso\.m2\repository\org\hibernate\common\hibernate-commons-annotations\5.0.4.Final\hibernate-commons-annotations-5.0.4.Final.jar;C:\Users\jaiso\.m2\repository\org\springframework\data\spring-data-jpa\2.1.2.RELEASE\spring-data-jpa-2.1.2.RELEASE.jar;C:\Users\jaiso\.m2\repository\org\springframework\data\spring-data-commons\2.1.2.RELEASE\spring-data-commons-2.1.2.RELEASE.jar;C:\Users\jaiso\.m2\repository\org\springframework\spring-orm\5.1.2.RELEASE\spring-orm-5.1.2.RELEASE.jar;C:\Users\jaiso\.m2\repository\org\springframework\spring-context\5.1.2.RELEASE\spring-context-5.1.2.RELEASE.jar;C:\Users\jaiso\.m2\repository\org\springframework\spring-tx\5.1.2.RELEASE\spring-tx-5.1.2.RELEASE.jar;C:\Users\jaiso\.m2\repository\org\springframework\spring-beans\5.1.2.RELEASE\spring-beans-5.1.2.RELEASE.jar;C:\Users\jaiso\.m2\repository\org\slf4j\slf4j-api\1.7.25\slf4j-api-1.7.25.jar;C:\Users\jaiso\.m2\repository\org\springframework\spring-aspects\5.1.2.RELEASE\spring-aspects-5.1.2.RELEASE.jar;C:\Users\jaiso\.m2\repository\org\springframework\boot\spring-boot-starter-web\2.1.0.RELEASE\spring-boot-starter-web-2.1.0.RELEASE.jar;C:\Users\jaiso\.m2\repository\org\springframework\boot\spring-boot-starter\2.1.0.RELEASE\spring-boot-starter-2.1.0.RELEASE.jar;C:\Users\jaiso\.m2\repository\org\springframework\boot\spring-boot\2.1.0.RELEASE\spring-boot-2.1.0.RELEASE.jar;C:\Users\jaiso\.m2\repository\org\springframework\boot\spring-boot-autoconfigure\2.1.0.RELEASE\spring-boot-autoconfigure-2.1.0.RELEASE.jar;C:\Users\jaiso\.m2\repository\org\springframework\boot\spring-boot-starter-logging\2.1.0.RELEASE\spring-boot-starter-logging-2.1.0.RELEASE.jar;C:\Users\jaiso\.m2\repository\ch\qos\logback\logback-classic\1.2.3\logback-classic-1.2.3.jar;C:\Users\jaiso\.m2\repository\ch\qos\logback\logback-core\1.2.3\logback-core-1.2.3.jar;C:\Users\jaiso\.m2\repository\org\apache\logging\log4j\log4j-to-slf4j\2.11.1\log4j-to-slf4j-2.11.1.jar;C:\Users\jaiso\.m2\repository\org\apache\logging\log4j\log4j-api\2.11.1\log4j-api-2.11.1.jar;C:\Users\jaiso\.m2\repository\org\slf4j\jul-to-slf4j\1.7.25\jul-to-slf4j-1.7.25.jar;C:\Users\jaiso\.m2\repository\org\yaml\snakeyaml\1.23\snakeyaml-1.23.jar;C:\Users\jaiso\.m2\repository\org\springframework\boot\spring-boot-starter-json\2.1.0.RELEASE\spring-boot-starter-json-2.1.0.RELEASE.jar;C:\Users\jaiso\.m2\repository\com\fasterxml\jackson\core\jackson-databind\2.9.7\jackson-databind-2.9.7.jar;C:\Users\jaiso\.m2\repository\com\fasterxml\jackson\core\jackson-annotations\2.9.0\jackson-annotations-2.9.0.jar;C:\Users\jaiso\.m2\repository\com\fasterxml\jackson\core\jackson-core\2.9.7\jackson-core-2.9.7.jar;C:\Users\jaiso\.m2\repository\com\fasterxml\jackson\datatype\jackson-datatype-jdk8\2.9.7\jackson-datatype-jdk8-2.9.7.jar;C:\Users\jaiso\.m2\repository\com\fasterxml\jackson\datatype\jackson-datatype-jsr310\2.9.7\jackson-datatype-jsr310-2.9.7.jar;C:\Users\jaiso\.m2\repository\com\fasterxml\jackson\module\jackson-module-parameter-names\2.9.7\jackson-module-parameter-names-2.9.7.jar;C:\Users\jaiso\.m2\repository\org\hibernate\validator\hibernate-validator\6.0.13.Final\hibernate-validator-6.0.13.Final.jar;C:\Users\jaiso\.m2\repository\javax\validation\validation-api\2.0.1.Final\validation-api-2.0.1.Final.jar;C:\Users\jaiso\.m2\repository\org\springframework\spring-web\5.1.2.RELEASE\spring-web-5.1.2.RELEASE.jar;C:\Users\jaiso\.m2\repository\org\springframework\spring-webmvc\5.1.2.RELEASE\spring-webmvc-5.1.2.RELEASE.jar;C:\Users\jaiso\.m2\repository\org\springframework\spring-expression\5.1.2.RELEASE\spring-expression-5.1.2.RELEASE.jar;C:\Users\jaiso\.m2\repository\org\springframework\boot\spring-boot-starter-tomcat\2.1.0.RELEASE\spring-boot-starter-tomcat-2.1.0.RELEASE.jar;C:\Users\jaiso\.m2\repository\javax\annotation\javax.annotation-api\1.3.2\javax.annotation-api-1.3.2.jar;C:\Users\jaiso\.m2\repository\org\apache\tomcat\embed\tomcat-embed-core\9.0.12\tomcat-embed-core-9.0.12.jar;C:\Users\jaiso\.m2\repository\org\apache\tomcat\embed\tomcat-embed-el\9.0.12\tomcat-embed-el-9.0.12.jar;C:\Users\jaiso\.m2\repository\org\apache\tomcat\embed\tomcat-embed-websocket\9.0.12\tomcat-embed-websocket-9.0.12.jar;C:\Users\jaiso\.m2\repository\org\springframework\boot\spring-boot-starter-test\2.1.0.RELEASE\spring-boot-starter-test-2.1.0.RELEASE.jar;C:\Users\jaiso\.m2\repository\org\springframework\boot\spring-boot-test\2.1.0.RELEASE\spring-boot-test-2.1.0.RELEASE.jar;C:\Users\jaiso\.m2\repository\org\springframework\boot\spring-boot-test-autoconfigure\2.1.0.RELEASE\spring-boot-test-autoconfigure-2.1.0.RELEASE.jar;C:\Users\jaiso\.m2\repository\com\jayway\jsonpath\json-path\2.4.0\json-path-2.4.0.jar;C:\Users\jaiso\.m2\repository\net\minidev\json-smart\2.3\json-smart-2.3.jar;C:\Users\jaiso\.m2\repository\net\minidev\accessors-smart\1.2\accessors-smart-1.2.jar;C:\Users\jaiso\.m2\repository\org\ow2\asm\asm\5.0.4\asm-5.0.4.jar;C:\Users\jaiso\.m2\repository\junit\junit\4.12\junit-4.12.jar;C:\Users\jaiso\.m2\repository\org\assertj\assertj-core\3.11.1\assertj-core-3.11.1.jar;C:\Users\jaiso\.m2\repository\org\mockito\mockito-core\2.23.0\mockito-core-2.23.0.jar;C:\Users\jaiso\.m2\repository\net\bytebuddy\byte-buddy-agent\1.9.3\byte-buddy-agent-1.9.3.jar;C:\Users\jaiso\.m2\repository\org\objenesis\objenesis\2.6\objenesis-2.6.jar;C:\Users\jaiso\.m2\repository\org\hamcrest\hamcrest-core\1.3\hamcrest-core-1.3.jar;C:\Users\jaiso\.m2\repository\org\hamcrest\hamcrest-library\1.3\hamcrest-library-1.3.jar;C:\Users\jaiso\.m2\repository\org\skyscreamer\jsonassert\1.5.0\jsonassert-1.5.0.jar;C:\Users\jaiso\.m2\repository\com\vaadin\external\google\android-json\0.0.20131108.vaadin1\android-json-0.0.20131108.vaadin1.jar;C:\Users\jaiso\.m2\repository\org\springframework\spring-core\5.1.2.RELEASE\spring-core-5.1.2.RELEASE.jar;C:\Users\jaiso\.m2\repository\org\springframework\spring-jcl\5.1.2.RELEASE\spring-jcl-5.1.2.RELEASE.jar;C:\Users\jaiso\.m2\repository\org\springframework\spring-test\5.1.2.RELEASE\spring-test-5.1.2.RELEASE.jar;C:\Users\jaiso\.m2\repository\org\xmlunit\xmlunit-core\2.6.2\xmlunit-core-2.6.2.jar;C:\Users\jaiso\.m2\repository\mysql\mysql-connector-java\5.1.45\mysql-connector-java-5.1.45.jar;"/>
    <property name="sun.cpu.endian" value="little"/>
    <property name="user.home" value="C:\Users\jaiso"/>
    <property name="user.language" value="en"/>
    <property name="java.specification.vendor" value="Oracle Corporation"/>
    <property name="java.home" value="C:\Program Files\Java\jdk1.8.0_171\jre"/>
    <property name="basedir" value="C:\Users\jaiso\Documents\workspace-sts-3.9.5.RELEASE\demo"/>
    <property name="file.separator" value="\"/>
    <property name="line.separator" value="&#10;"/>
    <property name="java.vm.specification.vendor" value="Oracle Corporation"/>
    <property name="java.specification.name" value="Java Platform API Specification"/>
    <property name="java.awt.graphicsenv" value="sun.awt.Win32GraphicsEnvironment"/>
    <property name="surefire.real.class.path" value="C:\Users\jaiso\AppData\Local\Temp\surefire1633195027940395680\surefirebooter286465605259008814.jar"/>
    <property name="sun.boot.class.path" value="C:\Program Files\Java\jdk1.8.0_171\jre\lib\resources.jar;C:\Program Files\Java\jdk1.8.0_171\jre\lib\rt.jar;C:\Program Files\Java\jdk1.8.0_171\jre\lib\sunrsasign.jar;C:\Program Files\Java\jdk1.8.0_171\jre\lib\jsse.jar;C:\Program Files\Java\jdk1.8.0_171\jre\lib\jce.jar;C:\Program Files\Java\jdk1.8.0_171\jre\lib\charsets.jar;C:\Program Files\Java\jdk1.8.0_171\jre\lib\jfr.jar;C:\Program Files\Java\jdk1.8.0_171\jre\classes"/>
    <property name="user.script" value=""/>
    <property name="sun.management.compiler" value="HotSpot 64-Bit Tiered Compilers"/>
    <property name="java.runtime.version" value="1.8.0_171-b11"/>
    <property name="user.name" value="jaiso"/>
    <property name="path.separator" value=";"/>
    <property name="os.version" value="10.0"/>
    <property name="java.endorsed.dirs" value="C:\Program Files\Java\jdk1.8.0_171\jre\lib\endorsed"/>
    <property name="java.runtime.name" value="Java(TM) SE Runtime Environment"/>
    <property name="file.encoding" value="Cp1252"/>
    <property name="java.vm.name" value="Java HotSpot(TM) 64-Bit Server VM"/>
    <property name="localRepository" value="C:\Users\jaiso\.m2\repository"/>
    <property name="java.vendor.url.bug" value="http://bugreport.sun.com/bugreport/"/>
    <property name="java.io.tmpdir" value="C:\Users\jaiso\AppData\Local\Temp\"/>
    <property name="java.version" value="1.8.0_171"/>
    <property name="user.dir" value="C:\Users\jaiso\Documents\workspace-sts-3.9.5.RELEASE\demo"/>
    <property name="os.arch" value="amd64"/>
    <property name="java.vm.specification.name" value="Java Virtual Machine Specification"/>
    <property name="java.awt.printerjob" value="sun.awt.windows.WPrinterJob"/>
    <property name="sun.os.patch.level" value=""/>
    <property name="java.library.path" value="C:\Program Files\Java\jdk1.8.0_171\jre\bin;C:\WINDOWS\Sun\Java\bin;C:\WINDOWS\system32;C:\WINDOWS;C:\Program Files\Microsoft MPI\Bin\;C:\oracledb\app\oracle\product\11.2.0\server\bin;C:\Program Files (x86)\Common Files\Oracle\Java\javapath;C:\ProgramData\Anaconda3;C:\ProgramData\Anaconda3\Library\mingw-w64\bin;C:\ProgramData\Anaconda3\Library\usr\bin;C:\ProgramData\Anaconda3\Library\bin;C:\ProgramData\Anaconda3\Scripts;C:\Program Files (x86)\Intel\Intel(R) Management Engine Components\iCLS\;C:\Program Files\Intel\Intel(R) Management Engine Components\iCLS\;C:\WINDOWS\system32;C:\WINDOWS;C:\WINDOWS\System32\Wbem;C:\WINDOWS\System32\WindowsPowerShell\v1.0\;C:\Program Files (x86)\Intel\Intel(R) Management Engine Components\DAL;C:\Program Files\Intel\Intel(R) Management Engine Components\DAL;C:\Program Files (x86)\Intel\Intel(R) Management Engine Components\IPT;C:\Program Files\Intel\Intel(R) Management Engine Components\IPT;C:\Program Files\PuTTY\;C:\Program Files\MySQL\MySQL Utilities 1.6\;C:\Program Files (x86)\Microsoft SQL Server\Client SDK\ODBC\130\Tools\Binn\;C:\Program Files (x86)\Microsoft SQL Server\140\Tools\Binn\;C:\Program Files (x86)\Microsoft SQL Server\140\DTS\Binn\;C:\Program Files (x86)\Microsoft SQL Server\140\Tools\Binn\ManagementStudio\;C:\Program Files\Microsoft SQL Server\Client SDK\ODBC\130\Tools\Binn\;C:\Program Files\Microsoft SQL Server\140\Tools\Binn\;C:\Program Files\Microsoft SQL Server\140\DTS\Binn\;C:\Program Files\Microsoft SQL Server\130\Tools\Binn\;C:\Program Files (x86)\Microsoft SQL Server\110\DTS\Binn\;C:\Program Files (x86)\Microsoft SQL Server\120\DTS\Binn\;C:\Program Files (x86)\Microsoft SQL Server\130\DTS\Binn\;C:\Program Files\PostgreSQL\10\bin\;C:\WINDOWS\System32\OpenSSH\;C:\Program Files\Intel\WiFi\bin\;C:\Program Files\Common Files\Intel\WirelessCommon\;C:\Program Files\Java\jdk1.8.0_171\bin\;C:\Users\jaiso\Desktop\Sel_Proj\apache-maven-3.5.4\bin\;C:\Program Files\Java\jdk1.8.0_171\bin\;C:\Program Files\apache\maven\apache-maven-3.5.4\bin\;C:\Program Files\apache\maven\apache-maven-3.5.4\bin\;C:\Program Files\apache\maven\apache-maven-3.5.4\bin\;C:\Program Files\Git\cmd;C:\RailsInstaller\Ruby2.3.3\bin;C:\Users\jaiso\AppData\Local\Microsoft\WindowsApps;C:\Users\jaiso\AppData\Local\GitHubDesktop\bin;C:\Program Files\Docker Toolbox;C:\Users\jaiso\AppData\Local\Microsoft\WindowsApps;C:\Users\jaiso\AppData\Local\atom\bin;C:\phantomjs-2.1.1-windows\bin;;."/>
    <property name="java.vm.info" value="mixed mode"/>
    <property name="java.vendor" value="Oracle Corporation"/>
    <property name="java.vm.version" value="25.171-b11"/>
    <property name="java.ext.dirs" value="C:\Program Files\Java\jdk1.8.0_171\jre\lib\ext;C:\WINDOWS\Sun\Java\lib\ext"/>
    <property name="sun.io.unicode.encoding" value="UnicodeLittle"/>
    <property name="java.class.version" value="52.0"/>
  </properties>
  <testcase name="testValidateCourse" classname="edu.northeastern.cs5200.TestAll" time="7.812"/>
  <testcase name="testValidateStudent" classname="edu.northeastern.cs5200.TestAll" time="7.366"/>
  <testcase name="testValidateSectionEnrollments" classname="edu.northeastern.cs5200.TestAll" time="8.364">
    <failure message="expected:&lt;1&gt; but was:&lt;0&gt;" type="java.lang.AssertionError"><![CDATA[java.lang.AssertionError: expected:<1> but was:<0>
	at edu.northeastern.cs5200.TestAll.testValidateSectionEnrollments(TestAll.java:258)
]]></failure>
    <system-out><![CDATA[Hibernate: select section0_.id as id1_3_, section0_.course_id as course_i4_3_, section0_.seats as seats2_3_, section0_.title as title3_3_ from section section0_
Hibernate: select course0_.id as id1_0_0_, course0_.author_person_id as author_p3_0_0_, course0_.label as label2_0_0_, faculty1_.person_id as person_i2_2_1_, faculty1_.first_name as first_na3_2_1_, faculty1_.last_name as last_nam4_2_1_, faculty1_.password as password5_2_1_, faculty1_.username as username6_2_1_, faculty1_.office as office7_2_1_, faculty1_.tenure as tenure8_2_1_, sections2_.course_id as course_i4_3_2_, sections2_.id as id1_3_2_, sections2_.id as id1_3_3_, sections2_.course_id as course_i4_3_3_, sections2_.seats as seats2_3_3_, sections2_.title as title3_3_3_, enrolledst3_.section_id as section_2_1_4_, student4_.person_id as student_1_1_4_, student4_.person_id as person_i2_2_5_, student4_.first_name as first_na3_2_5_, student4_.last_name as last_nam4_2_5_, student4_.password as password5_2_5_, student4_.username as username6_2_5_, student4_.grad_year as grad_yea9_2_5_, student4_.scholarship as scholar10_2_5_ from course course0_ left outer join person faculty1_ on course0_.author_person_id=faculty1_.person_id left outer join section sections2_ on course0_.id=sections2_.course_id left outer join enrollment enrolledst3_ on sections2_.id=enrolledst3_.section_id left outer join person student4_ on enrolledst3_.student_id=student4_.person_id where course0_.id=?
Hibernate: select course0_.id as id1_0_0_, course0_.author_person_id as author_p3_0_0_, course0_.label as label2_0_0_, faculty1_.person_id as person_i2_2_1_, faculty1_.first_name as first_na3_2_1_, faculty1_.last_name as last_nam4_2_1_, faculty1_.password as password5_2_1_, faculty1_.username as username6_2_1_, faculty1_.office as office7_2_1_, faculty1_.tenure as tenure8_2_1_, sections2_.course_id as course_i4_3_2_, sections2_.id as id1_3_2_, sections2_.id as id1_3_3_, sections2_.course_id as course_i4_3_3_, sections2_.seats as seats2_3_3_, sections2_.title as title3_3_3_, enrolledst3_.section_id as section_2_1_4_, student4_.person_id as student_1_1_4_, student4_.person_id as person_i2_2_5_, student4_.first_name as first_na3_2_5_, student4_.last_name as last_nam4_2_5_, student4_.password as password5_2_5_, student4_.username as username6_2_5_, student4_.grad_year as grad_yea9_2_5_, student4_.scholarship as scholar10_2_5_ from course course0_ left outer join person faculty1_ on course0_.author_person_id=faculty1_.person_id left outer join section sections2_ on course0_.id=sections2_.course_id left outer join enrollment enrolledst3_ on sections2_.id=enrolledst3_.section_id left outer join person student4_ on enrolledst3_.student_id=student4_.person_id where course0_.id=?
Hibernate: select course0_.id as id1_0_0_, course0_.author_person_id as author_p3_0_0_, course0_.label as label2_0_0_, faculty1_.person_id as person_i2_2_1_, faculty1_.first_name as first_na3_2_1_, faculty1_.last_name as last_nam4_2_1_, faculty1_.password as password5_2_1_, faculty1_.username as username6_2_1_, faculty1_.office as office7_2_1_, faculty1_.tenure as tenure8_2_1_, sections2_.course_id as course_i4_3_2_, sections2_.id as id1_3_2_, sections2_.id as id1_3_3_, sections2_.course_id as course_i4_3_3_, sections2_.seats as seats2_3_3_, sections2_.title as title3_3_3_, enrolledst3_.section_id as section_2_1_4_, student4_.person_id as student_1_1_4_, student4_.person_id as person_i2_2_5_, student4_.first_name as first_na3_2_5_, student4_.last_name as last_nam4_2_5_, student4_.password as password5_2_5_, student4_.username as username6_2_5_, student4_.grad_year as grad_yea9_2_5_, student4_.scholarship as scholar10_2_5_ from course course0_ left outer join person faculty1_ on course0_.author_person_id=faculty1_.person_id left outer join section sections2_ on course0_.id=sections2_.course_id left outer join enrollment enrolledst3_ on sections2_.id=enrolledst3_.section_id left outer join person student4_ on enrolledst3_.student_id=student4_.person_id where course0_.id=?
Hibernate: select authoredco0_.author_person_id as author_p3_0_0_, authoredco0_.id as id1_0_0_, authoredco0_.id as id1_0_1_, authoredco0_.author_person_id as author_p3_0_1_, authoredco0_.label as label2_0_1_ from course authoredco0_ where authoredco0_.author_person_id=?
Hibernate: select authoredco0_.author_person_id as author_p3_0_0_, authoredco0_.id as id1_0_0_, authoredco0_.id as id1_0_1_, authoredco0_.author_person_id as author_p3_0_1_, authoredco0_.label as label2_0_1_ from course authoredco0_ where authoredco0_.author_person_id=?
Hibernate: select sections0_.course_id as course_i4_3_0_, sections0_.id as id1_3_0_, sections0_.id as id1_3_1_, sections0_.course_id as course_i4_3_1_, sections0_.seats as seats2_3_1_, sections0_.title as title3_3_1_ from section sections0_ where sections0_.course_id=?
Hibernate: delete from section where id=?
Hibernate: delete from section where id=?
Hibernate: delete from section where id=?
Hibernate: delete from section where id=?
Hibernate: select course0_.id as id1_0_, course0_.author_person_id as author_p3_0_, course0_.label as label2_0_ from course course0_
Hibernate: select faculty0_.person_id as person_i2_2_0_, faculty0_.first_name as first_na3_2_0_, faculty0_.last_name as last_nam4_2_0_, faculty0_.password as password5_2_0_, faculty0_.username as username6_2_0_, faculty0_.office as office7_2_0_, faculty0_.tenure as tenure8_2_0_ from person faculty0_ where faculty0_.person_id=? and faculty0_.dtype='Faculty'
Hibernate: select faculty0_.person_id as person_i2_2_0_, faculty0_.first_name as first_na3_2_0_, faculty0_.last_name as last_nam4_2_0_, faculty0_.password as password5_2_0_, faculty0_.username as username6_2_0_, faculty0_.office as office7_2_0_, faculty0_.tenure as tenure8_2_0_ from person faculty0_ where faculty0_.person_id=? and faculty0_.dtype='Faculty'
Hibernate: select sections0_.course_id as course_i4_3_0_, sections0_.id as id1_3_0_, sections0_.id as id1_3_1_, sections0_.course_id as course_i4_3_1_, sections0_.seats as seats2_3_1_, sections0_.title as title3_3_1_ from section sections0_ where sections0_.course_id=?
Hibernate: select sections0_.course_id as course_i4_3_0_, sections0_.id as id1_3_0_, sections0_.id as id1_3_1_, sections0_.course_id as course_i4_3_1_, sections0_.seats as seats2_3_1_, sections0_.title as title3_3_1_ from section sections0_ where sections0_.course_id=?
Hibernate: select authoredco0_.author_person_id as author_p3_0_0_, authoredco0_.id as id1_0_0_, authoredco0_.id as id1_0_1_, authoredco0_.author_person_id as author_p3_0_1_, authoredco0_.label as label2_0_1_ from course authoredco0_ where authoredco0_.author_person_id=?
Hibernate: select sections0_.course_id as course_i4_3_0_, sections0_.id as id1_3_0_, sections0_.id as id1_3_1_, sections0_.course_id as course_i4_3_1_, sections0_.seats as seats2_3_1_, sections0_.title as title3_3_1_ from section sections0_ where sections0_.course_id=?
Hibernate: select sections0_.course_id as course_i4_3_0_, sections0_.id as id1_3_0_, sections0_.id as id1_3_1_, sections0_.course_id as course_i4_3_1_, sections0_.seats as seats2_3_1_, sections0_.title as title3_3_1_ from section sections0_ where sections0_.course_id=?
Hibernate: select authoredco0_.author_person_id as author_p3_0_0_, authoredco0_.id as id1_0_0_, authoredco0_.id as id1_0_1_, authoredco0_.author_person_id as author_p3_0_1_, authoredco0_.label as label2_0_1_ from course authoredco0_ where authoredco0_.author_person_id=?
Hibernate: select student0_.person_id as person_i2_2_, student0_.first_name as first_na3_2_, student0_.last_name as last_nam4_2_, student0_.password as password5_2_, student0_.username as username6_2_, student0_.grad_year as grad_yea9_2_, student0_.scholarship as scholar10_2_ from person student0_ where student0_.dtype='Student'
Hibernate: select enrolledse0_.student_id as student_1_1_0_, enrolledse0_.section_id as section_2_1_0_, section1_.id as id1_3_1_, section1_.course_id as course_i4_3_1_, section1_.seats as seats2_3_1_, section1_.title as title3_3_1_, course2_.id as id1_0_2_, course2_.author_person_id as author_p3_0_2_, course2_.label as label2_0_2_, faculty3_.person_id as person_i2_2_3_, faculty3_.first_name as first_na3_2_3_, faculty3_.last_name as last_nam4_2_3_, faculty3_.password as password5_2_3_, faculty3_.username as username6_2_3_, faculty3_.office as office7_2_3_, faculty3_.tenure as tenure8_2_3_ from enrollment enrolledse0_ inner join section section1_ on enrolledse0_.section_id=section1_.id left outer join course course2_ on section1_.course_id=course2_.id left outer join person faculty3_ on course2_.author_person_id=faculty3_.person_id where enrolledse0_.student_id=?
Hibernate: select enrolledse0_.student_id as student_1_1_0_, enrolledse0_.section_id as section_2_1_0_, section1_.id as id1_3_1_, section1_.course_id as course_i4_3_1_, section1_.seats as seats2_3_1_, section1_.title as title3_3_1_, course2_.id as id1_0_2_, course2_.author_person_id as author_p3_0_2_, course2_.label as label2_0_2_, faculty3_.person_id as person_i2_2_3_, faculty3_.first_name as first_na3_2_3_, faculty3_.last_name as last_nam4_2_3_, faculty3_.password as password5_2_3_, faculty3_.username as username6_2_3_, faculty3_.office as office7_2_3_, faculty3_.tenure as tenure8_2_3_ from enrollment enrolledse0_ inner join section section1_ on enrolledse0_.section_id=section1_.id left outer join course course2_ on section1_.course_id=course2_.id left outer join person faculty3_ on course2_.author_person_id=faculty3_.person_id where enrolledse0_.student_id=?
Hibernate: select enrolledse0_.student_id as student_1_1_0_, enrolledse0_.section_id as section_2_1_0_, section1_.id as id1_3_1_, section1_.course_id as course_i4_3_1_, section1_.seats as seats2_3_1_, section1_.title as title3_3_1_, course2_.id as id1_0_2_, course2_.author_person_id as author_p3_0_2_, course2_.label as label2_0_2_, faculty3_.person_id as person_i2_2_3_, faculty3_.first_name as first_na3_2_3_, faculty3_.last_name as last_nam4_2_3_, faculty3_.password as password5_2_3_, faculty3_.username as username6_2_3_, faculty3_.office as office7_2_3_, faculty3_.tenure as tenure8_2_3_ from enrollment enrolledse0_ inner join section section1_ on enrolledse0_.section_id=section1_.id left outer join course course2_ on section1_.course_id=course2_.id left outer join person faculty3_ on course2_.author_person_id=faculty3_.person_id where enrolledse0_.student_id=?
Hibernate: select enrolledse0_.student_id as student_1_1_0_, enrolledse0_.section_id as section_2_1_0_, section1_.id as id1_3_1_, section1_.course_id as course_i4_3_1_, section1_.seats as seats2_3_1_, section1_.title as title3_3_1_, course2_.id as id1_0_2_, course2_.author_person_id as author_p3_0_2_, course2_.label as label2_0_2_, faculty3_.person_id as person_i2_2_3_, faculty3_.first_name as first_na3_2_3_, faculty3_.last_name as last_nam4_2_3_, faculty3_.password as password5_2_3_, faculty3_.username as username6_2_3_, faculty3_.office as office7_2_3_, faculty3_.tenure as tenure8_2_3_ from enrollment enrolledse0_ inner join section section1_ on enrolledse0_.section_id=section1_.id left outer join course course2_ on section1_.course_id=course2_.id left outer join person faculty3_ on course2_.author_person_id=faculty3_.person_id where enrolledse0_.student_id=?
Hibernate: select enrolledse0_.student_id as student_1_1_0_, enrolledse0_.section_id as section_2_1_0_, section1_.id as id1_3_1_, section1_.course_id as course_i4_3_1_, section1_.seats as seats2_3_1_, section1_.title as title3_3_1_, course2_.id as id1_0_2_, course2_.author_person_id as author_p3_0_2_, course2_.label as label2_0_2_, faculty3_.person_id as person_i2_2_3_, faculty3_.first_name as first_na3_2_3_, faculty3_.last_name as last_nam4_2_3_, faculty3_.password as password5_2_3_, faculty3_.username as username6_2_3_, faculty3_.office as office7_2_3_, faculty3_.tenure as tenure8_2_3_ from enrollment enrolledse0_ inner join section section1_ on enrolledse0_.section_id=section1_.id left outer join course course2_ on section1_.course_id=course2_.id left outer join person faculty3_ on course2_.author_person_id=faculty3_.person_id where enrolledse0_.student_id=?
Hibernate: select enrolledse0_.student_id as student_1_1_0_, enrolledse0_.section_id as section_2_1_0_, section1_.id as id1_3_1_, section1_.course_id as course_i4_3_1_, section1_.seats as seats2_3_1_, section1_.title as title3_3_1_, course2_.id as id1_0_2_, course2_.author_person_id as author_p3_0_2_, course2_.label as label2_0_2_, faculty3_.person_id as person_i2_2_3_, faculty3_.first_name as first_na3_2_3_, faculty3_.last_name as last_nam4_2_3_, faculty3_.password as password5_2_3_, faculty3_.username as username6_2_3_, faculty3_.office as office7_2_3_, faculty3_.tenure as tenure8_2_3_ from enrollment enrolledse0_ inner join section section1_ on enrolledse0_.section_id=section1_.id left outer join course course2_ on section1_.course_id=course2_.id left outer join person faculty3_ on course2_.author_person_id=faculty3_.person_id where enrolledse0_.student_id=?
Hibernate: select enrolledse0_.student_id as student_1_1_0_, enrolledse0_.section_id as section_2_1_0_, section1_.id as id1_3_1_, section1_.course_id as course_i4_3_1_, section1_.seats as seats2_3_1_, section1_.title as title3_3_1_, course2_.id as id1_0_2_, course2_.author_person_id as author_p3_0_2_, course2_.label as label2_0_2_, faculty3_.person_id as person_i2_2_3_, faculty3_.first_name as first_na3_2_3_, faculty3_.last_name as last_nam4_2_3_, faculty3_.password as password5_2_3_, faculty3_.username as username6_2_3_, faculty3_.office as office7_2_3_, faculty3_.tenure as tenure8_2_3_ from enrollment enrolledse0_ inner join section section1_ on enrolledse0_.section_id=section1_.id left outer join course course2_ on section1_.course_id=course2_.id left outer join person faculty3_ on course2_.author_person_id=faculty3_.person_id where enrolledse0_.student_id=?
Hibernate: delete from person where person_id=?
Hibernate: delete from person where person_id=?
Hibernate: delete from person where person_id=?
Hibernate: delete from person where person_id=?
Hibernate: delete from person where person_id=?
Hibernate: delete from person where person_id=?
Hibernate: delete from person where person_id=?
Hibernate: select faculty0_.person_id as person_i2_2_, faculty0_.first_name as first_na3_2_, faculty0_.last_name as last_nam4_2_, faculty0_.password as password5_2_, faculty0_.username as username6_2_, faculty0_.office as office7_2_, faculty0_.tenure as tenure8_2_ from person faculty0_ where faculty0_.dtype='Faculty'
Hibernate: select authoredco0_.author_person_id as author_p3_0_0_, authoredco0_.id as id1_0_0_, authoredco0_.id as id1_0_1_, authoredco0_.author_person_id as author_p3_0_1_, authoredco0_.label as label2_0_1_ from course authoredco0_ where authoredco0_.author_person_id=?
Hibernate: select sections0_.course_id as course_i4_3_0_, sections0_.id as id1_3_0_, sections0_.id as id1_3_1_, sections0_.course_id as course_i4_3_1_, sections0_.seats as seats2_3_1_, sections0_.title as title3_3_1_ from section sections0_ where sections0_.course_id=?
Hibernate: select sections0_.course_id as course_i4_3_0_, sections0_.id as id1_3_0_, sections0_.id as id1_3_1_, sections0_.course_id as course_i4_3_1_, sections0_.seats as seats2_3_1_, sections0_.title as title3_3_1_ from section sections0_ where sections0_.course_id=?
Hibernate: select authoredco0_.author_person_id as author_p3_0_0_, authoredco0_.id as id1_0_0_, authoredco0_.id as id1_0_1_, authoredco0_.author_person_id as author_p3_0_1_, authoredco0_.label as label2_0_1_ from course authoredco0_ where authoredco0_.author_person_id=?
Hibernate: select sections0_.course_id as course_i4_3_0_, sections0_.id as id1_3_0_, sections0_.id as id1_3_1_, sections0_.course_id as course_i4_3_1_, sections0_.seats as seats2_3_1_, sections0_.title as title3_3_1_ from section sections0_ where sections0_.course_id=?
Hibernate: select sections0_.course_id as course_i4_3_0_, sections0_.id as id1_3_0_, sections0_.id as id1_3_1_, sections0_.course_id as course_i4_3_1_, sections0_.seats as seats2_3_1_, sections0_.title as title3_3_1_ from section sections0_ where sections0_.course_id=?
Hibernate: delete from course where id=?
Hibernate: delete from course where id=?
Hibernate: delete from person where person_id=?
Hibernate: delete from course where id=?
Hibernate: delete from course where id=?
Hibernate: delete from person where person_id=?
Hibernate: insert into person (first_name, last_name, password, username, office, tenure, dtype) values (?, ?, ?, ?, ?, ?, 'Faculty')
Hibernate: insert into person (first_name, last_name, password, username, office, tenure, dtype) values (?, ?, ?, ?, ?, ?, 'Faculty')
Hibernate: insert into person (first_name, last_name, password, username, grad_year, scholarship, dtype) values (?, ?, ?, ?, ?, ?, 'Student')
Hibernate: insert into person (first_name, last_name, password, username, grad_year, scholarship, dtype) values (?, ?, ?, ?, ?, ?, 'Student')
Hibernate: insert into person (first_name, last_name, password, username, grad_year, scholarship, dtype) values (?, ?, ?, ?, ?, ?, 'Student')
Hibernate: insert into person (first_name, last_name, password, username, grad_year, scholarship, dtype) values (?, ?, ?, ?, ?, ?, 'Student')
Hibernate: insert into person (first_name, last_name, password, username, grad_year, scholarship, dtype) values (?, ?, ?, ?, ?, ?, 'Student')
Hibernate: insert into person (first_name, last_name, password, username, grad_year, scholarship, dtype) values (?, ?, ?, ?, ?, ?, 'Student')
Hibernate: insert into person (first_name, last_name, password, username, grad_year, scholarship, dtype) values (?, ?, ?, ?, ?, ?, 'Student')
Hibernate: select course0_.id as id1_0_0_, course0_.author_person_id as author_p3_0_0_, course0_.label as label2_0_0_ from course course0_ where course0_.id=?
Hibernate: select faculty0_.person_id as person_i2_2_0_, faculty0_.first_name as first_na3_2_0_, faculty0_.last_name as last_nam4_2_0_, faculty0_.password as password5_2_0_, faculty0_.username as username6_2_0_, faculty0_.office as office7_2_0_, faculty0_.tenure as tenure8_2_0_ from person faculty0_ where faculty0_.person_id=? and faculty0_.dtype='Faculty'
Hibernate: select authoredco0_.author_person_id as author_p3_0_0_, authoredco0_.id as id1_0_0_, authoredco0_.id as id1_0_1_, authoredco0_.author_person_id as author_p3_0_1_, authoredco0_.label as label2_0_1_ from course authoredco0_ where authoredco0_.author_person_id=?
Hibernate: insert into course (author_person_id, label, id) values (?, ?, ?)
Hibernate: select course0_.id as id1_0_0_, course0_.author_person_id as author_p3_0_0_, course0_.label as label2_0_0_ from course course0_ where course0_.id=?
Hibernate: select faculty0_.person_id as person_i2_2_0_, faculty0_.first_name as first_na3_2_0_, faculty0_.last_name as last_nam4_2_0_, faculty0_.password as password5_2_0_, faculty0_.username as username6_2_0_, faculty0_.office as office7_2_0_, faculty0_.tenure as tenure8_2_0_ from person faculty0_ where faculty0_.person_id=? and faculty0_.dtype='Faculty'
Hibernate: select authoredco0_.author_person_id as author_p3_0_0_, authoredco0_.id as id1_0_0_, authoredco0_.id as id1_0_1_, authoredco0_.author_person_id as author_p3_0_1_, authoredco0_.label as label2_0_1_ from course authoredco0_ where authoredco0_.author_person_id=?
Hibernate: select sections0_.course_id as course_i4_3_0_, sections0_.id as id1_3_0_, sections0_.id as id1_3_1_, sections0_.course_id as course_i4_3_1_, sections0_.seats as seats2_3_1_, sections0_.title as title3_3_1_ from section sections0_ where sections0_.course_id=?
Hibernate: insert into course (author_person_id, label, id) values (?, ?, ?)
Hibernate: select course0_.id as id1_0_0_, course0_.author_person_id as author_p3_0_0_, course0_.label as label2_0_0_ from course course0_ where course0_.id=?
Hibernate: select faculty0_.person_id as person_i2_2_0_, faculty0_.first_name as first_na3_2_0_, faculty0_.last_name as last_nam4_2_0_, faculty0_.password as password5_2_0_, faculty0_.username as username6_2_0_, faculty0_.office as office7_2_0_, faculty0_.tenure as tenure8_2_0_ from person faculty0_ where faculty0_.person_id=? and faculty0_.dtype='Faculty'
Hibernate: select authoredco0_.author_person_id as author_p3_0_0_, authoredco0_.id as id1_0_0_, authoredco0_.id as id1_0_1_, authoredco0_.author_person_id as author_p3_0_1_, authoredco0_.label as label2_0_1_ from course authoredco0_ where authoredco0_.author_person_id=?
Hibernate: insert into course (author_person_id, label, id) values (?, ?, ?)
Hibernate: select course0_.id as id1_0_0_, course0_.author_person_id as author_p3_0_0_, course0_.label as label2_0_0_ from course course0_ where course0_.id=?
Hibernate: select faculty0_.person_id as person_i2_2_0_, faculty0_.first_name as first_na3_2_0_, faculty0_.last_name as last_nam4_2_0_, faculty0_.password as password5_2_0_, faculty0_.username as username6_2_0_, faculty0_.office as office7_2_0_, faculty0_.tenure as tenure8_2_0_ from person faculty0_ where faculty0_.person_id=? and faculty0_.dtype='Faculty'
Hibernate: select authoredco0_.author_person_id as author_p3_0_0_, authoredco0_.id as id1_0_0_, authoredco0_.id as id1_0_1_, authoredco0_.author_person_id as author_p3_0_1_, authoredco0_.label as label2_0_1_ from course authoredco0_ where authoredco0_.author_person_id=?
Hibernate: select sections0_.course_id as course_i4_3_0_, sections0_.id as id1_3_0_, sections0_.id as id1_3_1_, sections0_.course_id as course_i4_3_1_, sections0_.seats as seats2_3_1_, sections0_.title as title3_3_1_ from section sections0_ where sections0_.course_id=?
Hibernate: insert into course (author_person_id, label, id) values (?, ?, ?)
Hibernate: select course_.id, course_.author_person_id as author_p3_0_, course_.label as label2_0_ from course course_ where course_.id=?
Hibernate: insert into section (course_id, seats, title) values (?, ?, ?)
Hibernate: select course_.id, course_.author_person_id as author_p3_0_, course_.label as label2_0_ from course course_ where course_.id=?
Hibernate: insert into section (course_id, seats, title) values (?, ?, ?)
Hibernate: select course_.id, course_.author_person_id as author_p3_0_, course_.label as label2_0_ from course course_ where course_.id=?
Hibernate: insert into section (course_id, seats, title) values (?, ?, ?)
Hibernate: select course_.id, course_.author_person_id as author_p3_0_, course_.label as label2_0_ from course course_ where course_.id=?
Hibernate: insert into section (course_id, seats, title) values (?, ?, ?)
Hibernate: select section0_.id as id1_3_0_, section0_.course_id as course_i4_3_0_, section0_.seats as seats2_3_0_, section0_.title as title3_3_0_ from section section0_ where section0_.id=?
Hibernate: select course0_.id as id1_0_0_, course0_.author_person_id as author_p3_0_0_, course0_.label as label2_0_0_ from course course0_ where course0_.id=?
Hibernate: select faculty0_.person_id as person_i2_2_1_, faculty0_.first_name as first_na3_2_1_, faculty0_.last_name as last_nam4_2_1_, faculty0_.password as password5_2_1_, faculty0_.username as username6_2_1_, faculty0_.office as office7_2_1_, faculty0_.tenure as tenure8_2_1_, authoredco1_.author_person_id as author_p3_0_3_, authoredco1_.id as id1_0_3_, authoredco1_.id as id1_0_0_, authoredco1_.author_person_id as author_p3_0_0_, authoredco1_.label as label2_0_0_ from person faculty0_ left outer join course authoredco1_ on faculty0_.person_id=authoredco1_.author_person_id where faculty0_.person_id=? and faculty0_.dtype='Faculty'
Hibernate: select enrolledst0_.section_id as section_2_1_0_, enrolledst0_.student_id as student_1_1_0_, student1_.person_id as person_i2_2_1_, student1_.first_name as first_na3_2_1_, student1_.last_name as last_nam4_2_1_, student1_.password as password5_2_1_, student1_.username as username6_2_1_, student1_.grad_year as grad_yea9_2_1_, student1_.scholarship as scholar10_2_1_ from enrollment enrolledst0_ inner join person student1_ on enrolledst0_.student_id=student1_.person_id where enrolledst0_.section_id=?
Hibernate: select sections0_.course_id as course_i4_3_0_, sections0_.id as id1_3_0_, sections0_.id as id1_3_1_, sections0_.course_id as course_i4_3_1_, sections0_.seats as seats2_3_1_, sections0_.title as title3_3_1_ from section sections0_ where sections0_.course_id=?
Hibernate: select enrolledst0_.section_id as section_2_1_0_, enrolledst0_.student_id as student_1_1_0_, student1_.person_id as person_i2_2_1_, student1_.first_name as first_na3_2_1_, student1_.last_name as last_nam4_2_1_, student1_.password as password5_2_1_, student1_.username as username6_2_1_, student1_.grad_year as grad_yea9_2_1_, student1_.scholarship as scholar10_2_1_ from enrollment enrolledst0_ inner join person student1_ on enrolledst0_.student_id=student1_.person_id where enrolledst0_.section_id=?
Hibernate: select sections0_.course_id as course_i4_3_0_, sections0_.id as id1_3_0_, sections0_.id as id1_3_1_, sections0_.course_id as course_i4_3_1_, sections0_.seats as seats2_3_1_, sections0_.title as title3_3_1_ from section sections0_ where sections0_.course_id=?
Hibernate: select enrolledst0_.section_id as section_2_1_0_, enrolledst0_.student_id as student_1_1_0_, student1_.person_id as person_i2_2_1_, student1_.first_name as first_na3_2_1_, student1_.last_name as last_nam4_2_1_, student1_.password as password5_2_1_, student1_.username as username6_2_1_, student1_.grad_year as grad_yea9_2_1_, student1_.scholarship as scholar10_2_1_ from enrollment enrolledst0_ inner join person student1_ on enrolledst0_.student_id=student1_.person_id where enrolledst0_.section_id=?
Hibernate: update section set course_id=?, seats=?, title=? where id=?
Hibernate: select section0_.id as id1_3_0_, section0_.course_id as course_i4_3_0_, section0_.seats as seats2_3_0_, section0_.title as title3_3_0_ from section section0_ where section0_.id=?
Hibernate: select course0_.id as id1_0_0_, course0_.author_person_id as author_p3_0_0_, course0_.label as label2_0_0_ from course course0_ where course0_.id=?
Hibernate: select faculty0_.person_id as person_i2_2_1_, faculty0_.first_name as first_na3_2_1_, faculty0_.last_name as last_nam4_2_1_, faculty0_.password as password5_2_1_, faculty0_.username as username6_2_1_, faculty0_.office as office7_2_1_, faculty0_.tenure as tenure8_2_1_, authoredco1_.author_person_id as author_p3_0_3_, authoredco1_.id as id1_0_3_, authoredco1_.id as id1_0_0_, authoredco1_.author_person_id as author_p3_0_0_, authoredco1_.label as label2_0_0_ from person faculty0_ left outer join course authoredco1_ on faculty0_.person_id=authoredco1_.author_person_id where faculty0_.person_id=? and faculty0_.dtype='Faculty'
Hibernate: select enrolledst0_.section_id as section_2_1_0_, enrolledst0_.student_id as student_1_1_0_, student1_.person_id as person_i2_2_1_, student1_.first_name as first_na3_2_1_, student1_.last_name as last_nam4_2_1_, student1_.password as password5_2_1_, student1_.username as username6_2_1_, student1_.grad_year as grad_yea9_2_1_, student1_.scholarship as scholar10_2_1_ from enrollment enrolledst0_ inner join person student1_ on enrolledst0_.student_id=student1_.person_id where enrolledst0_.section_id=?
Hibernate: select sections0_.course_id as course_i4_3_0_, sections0_.id as id1_3_0_, sections0_.id as id1_3_1_, sections0_.course_id as course_i4_3_1_, sections0_.seats as seats2_3_1_, sections0_.title as title3_3_1_ from section sections0_ where sections0_.course_id=?
Hibernate: select enrolledst0_.section_id as section_2_1_0_, enrolledst0_.student_id as student_1_1_0_, student1_.person_id as person_i2_2_1_, student1_.first_name as first_na3_2_1_, student1_.last_name as last_nam4_2_1_, student1_.password as password5_2_1_, student1_.username as username6_2_1_, student1_.grad_year as grad_yea9_2_1_, student1_.scholarship as scholar10_2_1_ from enrollment enrolledst0_ inner join person student1_ on enrolledst0_.student_id=student1_.person_id where enrolledst0_.section_id=?
Hibernate: select sections0_.course_id as course_i4_3_0_, sections0_.id as id1_3_0_, sections0_.id as id1_3_1_, sections0_.course_id as course_i4_3_1_, sections0_.seats as seats2_3_1_, sections0_.title as title3_3_1_ from section sections0_ where sections0_.course_id=?
Hibernate: select enrolledst0_.section_id as section_2_1_0_, enrolledst0_.student_id as student_1_1_0_, student1_.person_id as person_i2_2_1_, student1_.first_name as first_na3_2_1_, student1_.last_name as last_nam4_2_1_, student1_.password as password5_2_1_, student1_.username as username6_2_1_, student1_.grad_year as grad_yea9_2_1_, student1_.scholarship as scholar10_2_1_ from enrollment enrolledst0_ inner join person student1_ on enrolledst0_.student_id=student1_.person_id where enrolledst0_.section_id=?
Hibernate: update section set course_id=?, seats=?, title=? where id=?
Hibernate: select section0_.id as id1_3_0_, section0_.course_id as course_i4_3_0_, section0_.seats as seats2_3_0_, section0_.title as title3_3_0_ from section section0_ where section0_.id=?
Hibernate: select course0_.id as id1_0_0_, course0_.author_person_id as author_p3_0_0_, course0_.label as label2_0_0_ from course course0_ where course0_.id=?
Hibernate: select faculty0_.person_id as person_i2_2_1_, faculty0_.first_name as first_na3_2_1_, faculty0_.last_name as last_nam4_2_1_, faculty0_.password as password5_2_1_, faculty0_.username as username6_2_1_, faculty0_.office as office7_2_1_, faculty0_.tenure as tenure8_2_1_, authoredco1_.author_person_id as author_p3_0_3_, authoredco1_.id as id1_0_3_, authoredco1_.id as id1_0_0_, authoredco1_.author_person_id as author_p3_0_0_, authoredco1_.label as label2_0_0_ from person faculty0_ left outer join course authoredco1_ on faculty0_.person_id=authoredco1_.author_person_id where faculty0_.person_id=? and faculty0_.dtype='Faculty'
Hibernate: select enrolledst0_.section_id as section_2_1_0_, enrolledst0_.student_id as student_1_1_0_, student1_.person_id as person_i2_2_1_, student1_.first_name as first_na3_2_1_, student1_.last_name as last_nam4_2_1_, student1_.password as password5_2_1_, student1_.username as username6_2_1_, student1_.grad_year as grad_yea9_2_1_, student1_.scholarship as scholar10_2_1_ from enrollment enrolledst0_ inner join person student1_ on enrolledst0_.student_id=student1_.person_id where enrolledst0_.section_id=?
Hibernate: select sections0_.course_id as course_i4_3_0_, sections0_.id as id1_3_0_, sections0_.id as id1_3_1_, sections0_.course_id as course_i4_3_1_, sections0_.seats as seats2_3_1_, sections0_.title as title3_3_1_ from section sections0_ where sections0_.course_id=?
Hibernate: select enrolledst0_.section_id as section_2_1_0_, enrolledst0_.student_id as student_1_1_0_, student1_.person_id as person_i2_2_1_, student1_.first_name as first_na3_2_1_, student1_.last_name as last_nam4_2_1_, student1_.password as password5_2_1_, student1_.username as username6_2_1_, student1_.grad_year as grad_yea9_2_1_, student1_.scholarship as scholar10_2_1_ from enrollment enrolledst0_ inner join person student1_ on enrolledst0_.student_id=student1_.person_id where enrolledst0_.section_id=?
Hibernate: select sections0_.course_id as course_i4_3_0_, sections0_.id as id1_3_0_, sections0_.id as id1_3_1_, sections0_.course_id as course_i4_3_1_, sections0_.seats as seats2_3_1_, sections0_.title as title3_3_1_ from section sections0_ where sections0_.course_id=?
Hibernate: select enrolledst0_.section_id as section_2_1_0_, enrolledst0_.student_id as student_1_1_0_, student1_.person_id as person_i2_2_1_, student1_.first_name as first_na3_2_1_, student1_.last_name as last_nam4_2_1_, student1_.password as password5_2_1_, student1_.username as username6_2_1_, student1_.grad_year as grad_yea9_2_1_, student1_.scholarship as scholar10_2_1_ from enrollment enrolledst0_ inner join person student1_ on enrolledst0_.student_id=student1_.person_id where enrolledst0_.section_id=?
Hibernate: update section set course_id=?, seats=?, title=? where id=?
Hibernate: select section0_.id as id1_3_0_, section0_.course_id as course_i4_3_0_, section0_.seats as seats2_3_0_, section0_.title as title3_3_0_ from section section0_ where section0_.id=?
Hibernate: select course0_.id as id1_0_0_, course0_.author_person_id as author_p3_0_0_, course0_.label as label2_0_0_ from course course0_ where course0_.id=?
Hibernate: select faculty0_.person_id as person_i2_2_1_, faculty0_.first_name as first_na3_2_1_, faculty0_.last_name as last_nam4_2_1_, faculty0_.password as password5_2_1_, faculty0_.username as username6_2_1_, faculty0_.office as office7_2_1_, faculty0_.tenure as tenure8_2_1_, authoredco1_.author_person_id as author_p3_0_3_, authoredco1_.id as id1_0_3_, authoredco1_.id as id1_0_0_, authoredco1_.author_person_id as author_p3_0_0_, authoredco1_.label as label2_0_0_ from person faculty0_ left outer join course authoredco1_ on faculty0_.person_id=authoredco1_.author_person_id where faculty0_.person_id=? and faculty0_.dtype='Faculty'
Hibernate: select enrolledst0_.section_id as section_2_1_0_, enrolledst0_.student_id as student_1_1_0_, student1_.person_id as person_i2_2_1_, student1_.first_name as first_na3_2_1_, student1_.last_name as last_nam4_2_1_, student1_.password as password5_2_1_, student1_.username as username6_2_1_, student1_.grad_year as grad_yea9_2_1_, student1_.scholarship as scholar10_2_1_ from enrollment enrolledst0_ inner join person student1_ on enrolledst0_.student_id=student1_.person_id where enrolledst0_.section_id=?
Hibernate: select sections0_.course_id as course_i4_3_0_, sections0_.id as id1_3_0_, sections0_.id as id1_3_1_, sections0_.course_id as course_i4_3_1_, sections0_.seats as seats2_3_1_, sections0_.title as title3_3_1_ from section sections0_ where sections0_.course_id=?
Hibernate: select sections0_.course_id as course_i4_3_0_, sections0_.id as id1_3_0_, sections0_.id as id1_3_1_, sections0_.course_id as course_i4_3_1_, sections0_.seats as seats2_3_1_, sections0_.title as title3_3_1_ from section sections0_ where sections0_.course_id=?
Hibernate: select enrolledst0_.section_id as section_2_1_0_, enrolledst0_.student_id as student_1_1_0_, student1_.person_id as person_i2_2_1_, student1_.first_name as first_na3_2_1_, student1_.last_name as last_nam4_2_1_, student1_.password as password5_2_1_, student1_.username as username6_2_1_, student1_.grad_year as grad_yea9_2_1_, student1_.scholarship as scholar10_2_1_ from enrollment enrolledst0_ inner join person student1_ on enrolledst0_.student_id=student1_.person_id where enrolledst0_.section_id=?
Hibernate: select enrolledst0_.section_id as section_2_1_0_, enrolledst0_.student_id as student_1_1_0_, student1_.person_id as person_i2_2_1_, student1_.first_name as first_na3_2_1_, student1_.last_name as last_nam4_2_1_, student1_.password as password5_2_1_, student1_.username as username6_2_1_, student1_.grad_year as grad_yea9_2_1_, student1_.scholarship as scholar10_2_1_ from enrollment enrolledst0_ inner join person student1_ on enrolledst0_.student_id=student1_.person_id where enrolledst0_.section_id=?
Hibernate: update section set course_id=?, seats=?, title=? where id=?
Hibernate: select student0_.person_id as person_i2_2_, student0_.first_name as first_na3_2_, student0_.last_name as last_nam4_2_, student0_.password as password5_2_, student0_.username as username6_2_, student0_.grad_year as grad_yea9_2_, student0_.scholarship as scholar10_2_ from person student0_ where student0_.dtype='Student'
Hibernate: select enrolledse0_.student_id as student_1_1_0_, enrolledse0_.section_id as section_2_1_0_, section1_.id as id1_3_1_, section1_.course_id as course_i4_3_1_, section1_.seats as seats2_3_1_, section1_.title as title3_3_1_, course2_.id as id1_0_2_, course2_.author_person_id as author_p3_0_2_, course2_.label as label2_0_2_, faculty3_.person_id as person_i2_2_3_, faculty3_.first_name as first_na3_2_3_, faculty3_.last_name as last_nam4_2_3_, faculty3_.password as password5_2_3_, faculty3_.username as username6_2_3_, faculty3_.office as office7_2_3_, faculty3_.tenure as tenure8_2_3_ from enrollment enrolledse0_ inner join section section1_ on enrolledse0_.section_id=section1_.id left outer join course course2_ on section1_.course_id=course2_.id left outer join person faculty3_ on course2_.author_person_id=faculty3_.person_id where enrolledse0_.student_id=?
Hibernate: select enrolledse0_.student_id as student_1_1_0_, enrolledse0_.section_id as section_2_1_0_, section1_.id as id1_3_1_, section1_.course_id as course_i4_3_1_, section1_.seats as seats2_3_1_, section1_.title as title3_3_1_, course2_.id as id1_0_2_, course2_.author_person_id as author_p3_0_2_, course2_.label as label2_0_2_, faculty3_.person_id as person_i2_2_3_, faculty3_.first_name as first_na3_2_3_, faculty3_.last_name as last_nam4_2_3_, faculty3_.password as password5_2_3_, faculty3_.username as username6_2_3_, faculty3_.office as office7_2_3_, faculty3_.tenure as tenure8_2_3_ from enrollment enrolledse0_ inner join section section1_ on enrolledse0_.section_id=section1_.id left outer join course course2_ on section1_.course_id=course2_.id left outer join person faculty3_ on course2_.author_person_id=faculty3_.person_id where enrolledse0_.student_id=?
Hibernate: select enrolledse0_.student_id as student_1_1_0_, enrolledse0_.section_id as section_2_1_0_, section1_.id as id1_3_1_, section1_.course_id as course_i4_3_1_, section1_.seats as seats2_3_1_, section1_.title as title3_3_1_, course2_.id as id1_0_2_, course2_.author_person_id as author_p3_0_2_, course2_.label as label2_0_2_, faculty3_.person_id as person_i2_2_3_, faculty3_.first_name as first_na3_2_3_, faculty3_.last_name as last_nam4_2_3_, faculty3_.password as password5_2_3_, faculty3_.username as username6_2_3_, faculty3_.office as office7_2_3_, faculty3_.tenure as tenure8_2_3_ from enrollment enrolledse0_ inner join section section1_ on enrolledse0_.section_id=section1_.id left outer join course course2_ on section1_.course_id=course2_.id left outer join person faculty3_ on course2_.author_person_id=faculty3_.person_id where enrolledse0_.student_id=?
Hibernate: select enrolledse0_.student_id as student_1_1_0_, enrolledse0_.section_id as section_2_1_0_, section1_.id as id1_3_1_, section1_.course_id as course_i4_3_1_, section1_.seats as seats2_3_1_, section1_.title as title3_3_1_, course2_.id as id1_0_2_, course2_.author_person_id as author_p3_0_2_, course2_.label as label2_0_2_, faculty3_.person_id as person_i2_2_3_, faculty3_.first_name as first_na3_2_3_, faculty3_.last_name as last_nam4_2_3_, faculty3_.password as password5_2_3_, faculty3_.username as username6_2_3_, faculty3_.office as office7_2_3_, faculty3_.tenure as tenure8_2_3_ from enrollment enrolledse0_ inner join section section1_ on enrolledse0_.section_id=section1_.id left outer join course course2_ on section1_.course_id=course2_.id left outer join person faculty3_ on course2_.author_person_id=faculty3_.person_id where enrolledse0_.student_id=?
Hibernate: select enrolledse0_.student_id as student_1_1_0_, enrolledse0_.section_id as section_2_1_0_, section1_.id as id1_3_1_, section1_.course_id as course_i4_3_1_, section1_.seats as seats2_3_1_, section1_.title as title3_3_1_, course2_.id as id1_0_2_, course2_.author_person_id as author_p3_0_2_, course2_.label as label2_0_2_, faculty3_.person_id as person_i2_2_3_, faculty3_.first_name as first_na3_2_3_, faculty3_.last_name as last_nam4_2_3_, faculty3_.password as password5_2_3_, faculty3_.username as username6_2_3_, faculty3_.office as office7_2_3_, faculty3_.tenure as tenure8_2_3_ from enrollment enrolledse0_ inner join section section1_ on enrolledse0_.section_id=section1_.id left outer join course course2_ on section1_.course_id=course2_.id left outer join person faculty3_ on course2_.author_person_id=faculty3_.person_id where enrolledse0_.student_id=?
Hibernate: select enrolledse0_.student_id as student_1_1_0_, enrolledse0_.section_id as section_2_1_0_, section1_.id as id1_3_1_, section1_.course_id as course_i4_3_1_, section1_.seats as seats2_3_1_, section1_.title as title3_3_1_, course2_.id as id1_0_2_, course2_.author_person_id as author_p3_0_2_, course2_.label as label2_0_2_, faculty3_.person_id as person_i2_2_3_, faculty3_.first_name as first_na3_2_3_, faculty3_.last_name as last_nam4_2_3_, faculty3_.password as password5_2_3_, faculty3_.username as username6_2_3_, faculty3_.office as office7_2_3_, faculty3_.tenure as tenure8_2_3_ from enrollment enrolledse0_ inner join section section1_ on enrolledse0_.section_id=section1_.id left outer join course course2_ on section1_.course_id=course2_.id left outer join person faculty3_ on course2_.author_person_id=faculty3_.person_id where enrolledse0_.student_id=?
Hibernate: select enrolledse0_.student_id as student_1_1_0_, enrolledse0_.section_id as section_2_1_0_, section1_.id as id1_3_1_, section1_.course_id as course_i4_3_1_, section1_.seats as seats2_3_1_, section1_.title as title3_3_1_, course2_.id as id1_0_2_, course2_.author_person_id as author_p3_0_2_, course2_.label as label2_0_2_, faculty3_.person_id as person_i2_2_3_, faculty3_.first_name as first_na3_2_3_, faculty3_.last_name as last_nam4_2_3_, faculty3_.password as password5_2_3_, faculty3_.username as username6_2_3_, faculty3_.office as office7_2_3_, faculty3_.tenure as tenure8_2_3_ from enrollment enrolledse0_ inner join section section1_ on enrolledse0_.section_id=section1_.id left outer join course course2_ on section1_.course_id=course2_.id left outer join person faculty3_ on course2_.author_person_id=faculty3_.person_id where enrolledse0_.student_id=?
]]></system-out>
  </testcase>
  <testcase name="testValidateFaculty" classname="edu.northeastern.cs5200.TestAll" time="7.864"/>
  <testcase name="testValidateSectionSeats" classname="edu.northeastern.cs5200.TestAll" time="7.722"/>
  <testcase name="testValidateCourseAuthorship" classname="edu.northeastern.cs5200.TestAll" time="8.055"/>
  <testcase name="testValidateStudentEnrollments" classname="edu.northeastern.cs5200.TestAll" time="7.8">
    <failure message="expected:&lt;2&gt; but was:&lt;0&gt;" type="java.lang.AssertionError"><![CDATA[java.lang.AssertionError: expected:<2> but was:<0>
	at edu.northeastern.cs5200.TestAll.testValidateStudentEnrollments(TestAll.java:271)
]]></failure>
    <system-out><![CDATA[Hibernate: select section0_.id as id1_3_, section0_.course_id as course_i4_3_, section0_.seats as seats2_3_, section0_.title as title3_3_ from section section0_
Hibernate: select course0_.id as id1_0_0_, course0_.author_person_id as author_p3_0_0_, course0_.label as label2_0_0_, faculty1_.person_id as person_i2_2_1_, faculty1_.first_name as first_na3_2_1_, faculty1_.last_name as last_nam4_2_1_, faculty1_.password as password5_2_1_, faculty1_.username as username6_2_1_, faculty1_.office as office7_2_1_, faculty1_.tenure as tenure8_2_1_, sections2_.course_id as course_i4_3_2_, sections2_.id as id1_3_2_, sections2_.id as id1_3_3_, sections2_.course_id as course_i4_3_3_, sections2_.seats as seats2_3_3_, sections2_.title as title3_3_3_, enrolledst3_.section_id as section_2_1_4_, student4_.person_id as student_1_1_4_, student4_.person_id as person_i2_2_5_, student4_.first_name as first_na3_2_5_, student4_.last_name as last_nam4_2_5_, student4_.password as password5_2_5_, student4_.username as username6_2_5_, student4_.grad_year as grad_yea9_2_5_, student4_.scholarship as scholar10_2_5_ from course course0_ left outer join person faculty1_ on course0_.author_person_id=faculty1_.person_id left outer join section sections2_ on course0_.id=sections2_.course_id left outer join enrollment enrolledst3_ on sections2_.id=enrolledst3_.section_id left outer join person student4_ on enrolledst3_.student_id=student4_.person_id where course0_.id=?
Hibernate: select course0_.id as id1_0_0_, course0_.author_person_id as author_p3_0_0_, course0_.label as label2_0_0_, faculty1_.person_id as person_i2_2_1_, faculty1_.first_name as first_na3_2_1_, faculty1_.last_name as last_nam4_2_1_, faculty1_.password as password5_2_1_, faculty1_.username as username6_2_1_, faculty1_.office as office7_2_1_, faculty1_.tenure as tenure8_2_1_, sections2_.course_id as course_i4_3_2_, sections2_.id as id1_3_2_, sections2_.id as id1_3_3_, sections2_.course_id as course_i4_3_3_, sections2_.seats as seats2_3_3_, sections2_.title as title3_3_3_, enrolledst3_.section_id as section_2_1_4_, student4_.person_id as student_1_1_4_, student4_.person_id as person_i2_2_5_, student4_.first_name as first_na3_2_5_, student4_.last_name as last_nam4_2_5_, student4_.password as password5_2_5_, student4_.username as username6_2_5_, student4_.grad_year as grad_yea9_2_5_, student4_.scholarship as scholar10_2_5_ from course course0_ left outer join person faculty1_ on course0_.author_person_id=faculty1_.person_id left outer join section sections2_ on course0_.id=sections2_.course_id left outer join enrollment enrolledst3_ on sections2_.id=enrolledst3_.section_id left outer join person student4_ on enrolledst3_.student_id=student4_.person_id where course0_.id=?
Hibernate: select course0_.id as id1_0_0_, course0_.author_person_id as author_p3_0_0_, course0_.label as label2_0_0_, faculty1_.person_id as person_i2_2_1_, faculty1_.first_name as first_na3_2_1_, faculty1_.last_name as last_nam4_2_1_, faculty1_.password as password5_2_1_, faculty1_.username as username6_2_1_, faculty1_.office as office7_2_1_, faculty1_.tenure as tenure8_2_1_, sections2_.course_id as course_i4_3_2_, sections2_.id as id1_3_2_, sections2_.id as id1_3_3_, sections2_.course_id as course_i4_3_3_, sections2_.seats as seats2_3_3_, sections2_.title as title3_3_3_, enrolledst3_.section_id as section_2_1_4_, student4_.person_id as student_1_1_4_, student4_.person_id as person_i2_2_5_, student4_.first_name as first_na3_2_5_, student4_.last_name as last_nam4_2_5_, student4_.password as password5_2_5_, student4_.username as username6_2_5_, student4_.grad_year as grad_yea9_2_5_, student4_.scholarship as scholar10_2_5_ from course course0_ left outer join person faculty1_ on course0_.author_person_id=faculty1_.person_id left outer join section sections2_ on course0_.id=sections2_.course_id left outer join enrollment enrolledst3_ on sections2_.id=enrolledst3_.section_id left outer join person student4_ on enrolledst3_.student_id=student4_.person_id where course0_.id=?
Hibernate: select authoredco0_.author_person_id as author_p3_0_0_, authoredco0_.id as id1_0_0_, authoredco0_.id as id1_0_1_, authoredco0_.author_person_id as author_p3_0_1_, authoredco0_.label as label2_0_1_ from course authoredco0_ where authoredco0_.author_person_id=?
Hibernate: select authoredco0_.author_person_id as author_p3_0_0_, authoredco0_.id as id1_0_0_, authoredco0_.id as id1_0_1_, authoredco0_.author_person_id as author_p3_0_1_, authoredco0_.label as label2_0_1_ from course authoredco0_ where authoredco0_.author_person_id=?
Hibernate: select sections0_.course_id as course_i4_3_0_, sections0_.id as id1_3_0_, sections0_.id as id1_3_1_, sections0_.course_id as course_i4_3_1_, sections0_.seats as seats2_3_1_, sections0_.title as title3_3_1_ from section sections0_ where sections0_.course_id=?
Hibernate: delete from section where id=?
Hibernate: delete from section where id=?
Hibernate: delete from section where id=?
Hibernate: delete from section where id=?
Hibernate: select course0_.id as id1_0_, course0_.author_person_id as author_p3_0_, course0_.label as label2_0_ from course course0_
Hibernate: select faculty0_.person_id as person_i2_2_0_, faculty0_.first_name as first_na3_2_0_, faculty0_.last_name as last_nam4_2_0_, faculty0_.password as password5_2_0_, faculty0_.username as username6_2_0_, faculty0_.office as office7_2_0_, faculty0_.tenure as tenure8_2_0_ from person faculty0_ where faculty0_.person_id=? and faculty0_.dtype='Faculty'
Hibernate: select faculty0_.person_id as person_i2_2_0_, faculty0_.first_name as first_na3_2_0_, faculty0_.last_name as last_nam4_2_0_, faculty0_.password as password5_2_0_, faculty0_.username as username6_2_0_, faculty0_.office as office7_2_0_, faculty0_.tenure as tenure8_2_0_ from person faculty0_ where faculty0_.person_id=? and faculty0_.dtype='Faculty'
Hibernate: select sections0_.course_id as course_i4_3_0_, sections0_.id as id1_3_0_, sections0_.id as id1_3_1_, sections0_.course_id as course_i4_3_1_, sections0_.seats as seats2_3_1_, sections0_.title as title3_3_1_ from section sections0_ where sections0_.course_id=?
Hibernate: select sections0_.course_id as course_i4_3_0_, sections0_.id as id1_3_0_, sections0_.id as id1_3_1_, sections0_.course_id as course_i4_3_1_, sections0_.seats as seats2_3_1_, sections0_.title as title3_3_1_ from section sections0_ where sections0_.course_id=?
Hibernate: select authoredco0_.author_person_id as author_p3_0_0_, authoredco0_.id as id1_0_0_, authoredco0_.id as id1_0_1_, authoredco0_.author_person_id as author_p3_0_1_, authoredco0_.label as label2_0_1_ from course authoredco0_ where authoredco0_.author_person_id=?
Hibernate: select sections0_.course_id as course_i4_3_0_, sections0_.id as id1_3_0_, sections0_.id as id1_3_1_, sections0_.course_id as course_i4_3_1_, sections0_.seats as seats2_3_1_, sections0_.title as title3_3_1_ from section sections0_ where sections0_.course_id=?
Hibernate: select sections0_.course_id as course_i4_3_0_, sections0_.id as id1_3_0_, sections0_.id as id1_3_1_, sections0_.course_id as course_i4_3_1_, sections0_.seats as seats2_3_1_, sections0_.title as title3_3_1_ from section sections0_ where sections0_.course_id=?
Hibernate: select authoredco0_.author_person_id as author_p3_0_0_, authoredco0_.id as id1_0_0_, authoredco0_.id as id1_0_1_, authoredco0_.author_person_id as author_p3_0_1_, authoredco0_.label as label2_0_1_ from course authoredco0_ where authoredco0_.author_person_id=?
Hibernate: select student0_.person_id as person_i2_2_, student0_.first_name as first_na3_2_, student0_.last_name as last_nam4_2_, student0_.password as password5_2_, student0_.username as username6_2_, student0_.grad_year as grad_yea9_2_, student0_.scholarship as scholar10_2_ from person student0_ where student0_.dtype='Student'
Hibernate: select enrolledse0_.student_id as student_1_1_0_, enrolledse0_.section_id as section_2_1_0_, section1_.id as id1_3_1_, section1_.course_id as course_i4_3_1_, section1_.seats as seats2_3_1_, section1_.title as title3_3_1_, course2_.id as id1_0_2_, course2_.author_person_id as author_p3_0_2_, course2_.label as label2_0_2_, faculty3_.person_id as person_i2_2_3_, faculty3_.first_name as first_na3_2_3_, faculty3_.last_name as last_nam4_2_3_, faculty3_.password as password5_2_3_, faculty3_.username as username6_2_3_, faculty3_.office as office7_2_3_, faculty3_.tenure as tenure8_2_3_ from enrollment enrolledse0_ inner join section section1_ on enrolledse0_.section_id=section1_.id left outer join course course2_ on section1_.course_id=course2_.id left outer join person faculty3_ on course2_.author_person_id=faculty3_.person_id where enrolledse0_.student_id=?
Hibernate: select enrolledse0_.student_id as student_1_1_0_, enrolledse0_.section_id as section_2_1_0_, section1_.id as id1_3_1_, section1_.course_id as course_i4_3_1_, section1_.seats as seats2_3_1_, section1_.title as title3_3_1_, course2_.id as id1_0_2_, course2_.author_person_id as author_p3_0_2_, course2_.label as label2_0_2_, faculty3_.person_id as person_i2_2_3_, faculty3_.first_name as first_na3_2_3_, faculty3_.last_name as last_nam4_2_3_, faculty3_.password as password5_2_3_, faculty3_.username as username6_2_3_, faculty3_.office as office7_2_3_, faculty3_.tenure as tenure8_2_3_ from enrollment enrolledse0_ inner join section section1_ on enrolledse0_.section_id=section1_.id left outer join course course2_ on section1_.course_id=course2_.id left outer join person faculty3_ on course2_.author_person_id=faculty3_.person_id where enrolledse0_.student_id=?
Hibernate: select enrolledse0_.student_id as student_1_1_0_, enrolledse0_.section_id as section_2_1_0_, section1_.id as id1_3_1_, section1_.course_id as course_i4_3_1_, section1_.seats as seats2_3_1_, section1_.title as title3_3_1_, course2_.id as id1_0_2_, course2_.author_person_id as author_p3_0_2_, course2_.label as label2_0_2_, faculty3_.person_id as person_i2_2_3_, faculty3_.first_name as first_na3_2_3_, faculty3_.last_name as last_nam4_2_3_, faculty3_.password as password5_2_3_, faculty3_.username as username6_2_3_, faculty3_.office as office7_2_3_, faculty3_.tenure as tenure8_2_3_ from enrollment enrolledse0_ inner join section section1_ on enrolledse0_.section_id=section1_.id left outer join course course2_ on section1_.course_id=course2_.id left outer join person faculty3_ on course2_.author_person_id=faculty3_.person_id where enrolledse0_.student_id=?
Hibernate: select enrolledse0_.student_id as student_1_1_0_, enrolledse0_.section_id as section_2_1_0_, section1_.id as id1_3_1_, section1_.course_id as course_i4_3_1_, section1_.seats as seats2_3_1_, section1_.title as title3_3_1_, course2_.id as id1_0_2_, course2_.author_person_id as author_p3_0_2_, course2_.label as label2_0_2_, faculty3_.person_id as person_i2_2_3_, faculty3_.first_name as first_na3_2_3_, faculty3_.last_name as last_nam4_2_3_, faculty3_.password as password5_2_3_, faculty3_.username as username6_2_3_, faculty3_.office as office7_2_3_, faculty3_.tenure as tenure8_2_3_ from enrollment enrolledse0_ inner join section section1_ on enrolledse0_.section_id=section1_.id left outer join course course2_ on section1_.course_id=course2_.id left outer join person faculty3_ on course2_.author_person_id=faculty3_.person_id where enrolledse0_.student_id=?
Hibernate: select enrolledse0_.student_id as student_1_1_0_, enrolledse0_.section_id as section_2_1_0_, section1_.id as id1_3_1_, section1_.course_id as course_i4_3_1_, section1_.seats as seats2_3_1_, section1_.title as title3_3_1_, course2_.id as id1_0_2_, course2_.author_person_id as author_p3_0_2_, course2_.label as label2_0_2_, faculty3_.person_id as person_i2_2_3_, faculty3_.first_name as first_na3_2_3_, faculty3_.last_name as last_nam4_2_3_, faculty3_.password as password5_2_3_, faculty3_.username as username6_2_3_, faculty3_.office as office7_2_3_, faculty3_.tenure as tenure8_2_3_ from enrollment enrolledse0_ inner join section section1_ on enrolledse0_.section_id=section1_.id left outer join course course2_ on section1_.course_id=course2_.id left outer join person faculty3_ on course2_.author_person_id=faculty3_.person_id where enrolledse0_.student_id=?
Hibernate: select enrolledse0_.student_id as student_1_1_0_, enrolledse0_.section_id as section_2_1_0_, section1_.id as id1_3_1_, section1_.course_id as course_i4_3_1_, section1_.seats as seats2_3_1_, section1_.title as title3_3_1_, course2_.id as id1_0_2_, course2_.author_person_id as author_p3_0_2_, course2_.label as label2_0_2_, faculty3_.person_id as person_i2_2_3_, faculty3_.first_name as first_na3_2_3_, faculty3_.last_name as last_nam4_2_3_, faculty3_.password as password5_2_3_, faculty3_.username as username6_2_3_, faculty3_.office as office7_2_3_, faculty3_.tenure as tenure8_2_3_ from enrollment enrolledse0_ inner join section section1_ on enrolledse0_.section_id=section1_.id left outer join course course2_ on section1_.course_id=course2_.id left outer join person faculty3_ on course2_.author_person_id=faculty3_.person_id where enrolledse0_.student_id=?
Hibernate: select enrolledse0_.student_id as student_1_1_0_, enrolledse0_.section_id as section_2_1_0_, section1_.id as id1_3_1_, section1_.course_id as course_i4_3_1_, section1_.seats as seats2_3_1_, section1_.title as title3_3_1_, course2_.id as id1_0_2_, course2_.author_person_id as author_p3_0_2_, course2_.label as label2_0_2_, faculty3_.person_id as person_i2_2_3_, faculty3_.first_name as first_na3_2_3_, faculty3_.last_name as last_nam4_2_3_, faculty3_.password as password5_2_3_, faculty3_.username as username6_2_3_, faculty3_.office as office7_2_3_, faculty3_.tenure as tenure8_2_3_ from enrollment enrolledse0_ inner join section section1_ on enrolledse0_.section_id=section1_.id left outer join course course2_ on section1_.course_id=course2_.id left outer join person faculty3_ on course2_.author_person_id=faculty3_.person_id where enrolledse0_.student_id=?
Hibernate: delete from person where person_id=?
Hibernate: delete from person where person_id=?
Hibernate: delete from person where person_id=?
Hibernate: delete from person where person_id=?
Hibernate: delete from person where person_id=?
Hibernate: delete from person where person_id=?
Hibernate: delete from person where person_id=?
Hibernate: select faculty0_.person_id as person_i2_2_, faculty0_.first_name as first_na3_2_, faculty0_.last_name as last_nam4_2_, faculty0_.password as password5_2_, faculty0_.username as username6_2_, faculty0_.office as office7_2_, faculty0_.tenure as tenure8_2_ from person faculty0_ where faculty0_.dtype='Faculty'
Hibernate: select authoredco0_.author_person_id as author_p3_0_0_, authoredco0_.id as id1_0_0_, authoredco0_.id as id1_0_1_, authoredco0_.author_person_id as author_p3_0_1_, authoredco0_.label as label2_0_1_ from course authoredco0_ where authoredco0_.author_person_id=?
Hibernate: select sections0_.course_id as course_i4_3_0_, sections0_.id as id1_3_0_, sections0_.id as id1_3_1_, sections0_.course_id as course_i4_3_1_, sections0_.seats as seats2_3_1_, sections0_.title as title3_3_1_ from section sections0_ where sections0_.course_id=?
Hibernate: select sections0_.course_id as course_i4_3_0_, sections0_.id as id1_3_0_, sections0_.id as id1_3_1_, sections0_.course_id as course_i4_3_1_, sections0_.seats as seats2_3_1_, sections0_.title as title3_3_1_ from section sections0_ where sections0_.course_id=?
Hibernate: select authoredco0_.author_person_id as author_p3_0_0_, authoredco0_.id as id1_0_0_, authoredco0_.id as id1_0_1_, authoredco0_.author_person_id as author_p3_0_1_, authoredco0_.label as label2_0_1_ from course authoredco0_ where authoredco0_.author_person_id=?
Hibernate: select sections0_.course_id as course_i4_3_0_, sections0_.id as id1_3_0_, sections0_.id as id1_3_1_, sections0_.course_id as course_i4_3_1_, sections0_.seats as seats2_3_1_, sections0_.title as title3_3_1_ from section sections0_ where sections0_.course_id=?
Hibernate: select sections0_.course_id as course_i4_3_0_, sections0_.id as id1_3_0_, sections0_.id as id1_3_1_, sections0_.course_id as course_i4_3_1_, sections0_.seats as seats2_3_1_, sections0_.title as title3_3_1_ from section sections0_ where sections0_.course_id=?
Hibernate: delete from course where id=?
Hibernate: delete from course where id=?
Hibernate: delete from person where person_id=?
Hibernate: delete from course where id=?
Hibernate: delete from course where id=?
Hibernate: delete from person where person_id=?
Hibernate: insert into person (first_name, last_name, password, username, office, tenure, dtype) values (?, ?, ?, ?, ?, ?, 'Faculty')
Hibernate: insert into person (first_name, last_name, password, username, office, tenure, dtype) values (?, ?, ?, ?, ?, ?, 'Faculty')
Hibernate: insert into person (first_name, last_name, password, username, grad_year, scholarship, dtype) values (?, ?, ?, ?, ?, ?, 'Student')
Hibernate: insert into person (first_name, last_name, password, username, grad_year, scholarship, dtype) values (?, ?, ?, ?, ?, ?, 'Student')
Hibernate: insert into person (first_name, last_name, password, username, grad_year, scholarship, dtype) values (?, ?, ?, ?, ?, ?, 'Student')
Hibernate: insert into person (first_name, last_name, password, username, grad_year, scholarship, dtype) values (?, ?, ?, ?, ?, ?, 'Student')
Hibernate: insert into person (first_name, last_name, password, username, grad_year, scholarship, dtype) values (?, ?, ?, ?, ?, ?, 'Student')
Hibernate: insert into person (first_name, last_name, password, username, grad_year, scholarship, dtype) values (?, ?, ?, ?, ?, ?, 'Student')
Hibernate: insert into person (first_name, last_name, password, username, grad_year, scholarship, dtype) values (?, ?, ?, ?, ?, ?, 'Student')
Hibernate: select course0_.id as id1_0_0_, course0_.author_person_id as author_p3_0_0_, course0_.label as label2_0_0_ from course course0_ where course0_.id=?
Hibernate: select faculty0_.person_id as person_i2_2_0_, faculty0_.first_name as first_na3_2_0_, faculty0_.last_name as last_nam4_2_0_, faculty0_.password as password5_2_0_, faculty0_.username as username6_2_0_, faculty0_.office as office7_2_0_, faculty0_.tenure as tenure8_2_0_ from person faculty0_ where faculty0_.person_id=? and faculty0_.dtype='Faculty'
Hibernate: select authoredco0_.author_person_id as author_p3_0_0_, authoredco0_.id as id1_0_0_, authoredco0_.id as id1_0_1_, authoredco0_.author_person_id as author_p3_0_1_, authoredco0_.label as label2_0_1_ from course authoredco0_ where authoredco0_.author_person_id=?
Hibernate: insert into course (author_person_id, label, id) values (?, ?, ?)
Hibernate: select course0_.id as id1_0_0_, course0_.author_person_id as author_p3_0_0_, course0_.label as label2_0_0_ from course course0_ where course0_.id=?
Hibernate: select faculty0_.person_id as person_i2_2_0_, faculty0_.first_name as first_na3_2_0_, faculty0_.last_name as last_nam4_2_0_, faculty0_.password as password5_2_0_, faculty0_.username as username6_2_0_, faculty0_.office as office7_2_0_, faculty0_.tenure as tenure8_2_0_ from person faculty0_ where faculty0_.person_id=? and faculty0_.dtype='Faculty'
Hibernate: select authoredco0_.author_person_id as author_p3_0_0_, authoredco0_.id as id1_0_0_, authoredco0_.id as id1_0_1_, authoredco0_.author_person_id as author_p3_0_1_, authoredco0_.label as label2_0_1_ from course authoredco0_ where authoredco0_.author_person_id=?
Hibernate: select sections0_.course_id as course_i4_3_0_, sections0_.id as id1_3_0_, sections0_.id as id1_3_1_, sections0_.course_id as course_i4_3_1_, sections0_.seats as seats2_3_1_, sections0_.title as title3_3_1_ from section sections0_ where sections0_.course_id=?
Hibernate: insert into course (author_person_id, label, id) values (?, ?, ?)
Hibernate: select course0_.id as id1_0_0_, course0_.author_person_id as author_p3_0_0_, course0_.label as label2_0_0_ from course course0_ where course0_.id=?
Hibernate: select faculty0_.person_id as person_i2_2_0_, faculty0_.first_name as first_na3_2_0_, faculty0_.last_name as last_nam4_2_0_, faculty0_.password as password5_2_0_, faculty0_.username as username6_2_0_, faculty0_.office as office7_2_0_, faculty0_.tenure as tenure8_2_0_ from person faculty0_ where faculty0_.person_id=? and faculty0_.dtype='Faculty'
Hibernate: select authoredco0_.author_person_id as author_p3_0_0_, authoredco0_.id as id1_0_0_, authoredco0_.id as id1_0_1_, authoredco0_.author_person_id as author_p3_0_1_, authoredco0_.label as label2_0_1_ from course authoredco0_ where authoredco0_.author_person_id=?
Hibernate: insert into course (author_person_id, label, id) values (?, ?, ?)
Hibernate: select course0_.id as id1_0_0_, course0_.author_person_id as author_p3_0_0_, course0_.label as label2_0_0_ from course course0_ where course0_.id=?
Hibernate: select faculty0_.person_id as person_i2_2_0_, faculty0_.first_name as first_na3_2_0_, faculty0_.last_name as last_nam4_2_0_, faculty0_.password as password5_2_0_, faculty0_.username as username6_2_0_, faculty0_.office as office7_2_0_, faculty0_.tenure as tenure8_2_0_ from person faculty0_ where faculty0_.person_id=? and faculty0_.dtype='Faculty'
Hibernate: select authoredco0_.author_person_id as author_p3_0_0_, authoredco0_.id as id1_0_0_, authoredco0_.id as id1_0_1_, authoredco0_.author_person_id as author_p3_0_1_, authoredco0_.label as label2_0_1_ from course authoredco0_ where authoredco0_.author_person_id=?
Hibernate: select sections0_.course_id as course_i4_3_0_, sections0_.id as id1_3_0_, sections0_.id as id1_3_1_, sections0_.course_id as course_i4_3_1_, sections0_.seats as seats2_3_1_, sections0_.title as title3_3_1_ from section sections0_ where sections0_.course_id=?
Hibernate: insert into course (author_person_id, label, id) values (?, ?, ?)
Hibernate: select course_.id, course_.author_person_id as author_p3_0_, course_.label as label2_0_ from course course_ where course_.id=?
Hibernate: insert into section (course_id, seats, title) values (?, ?, ?)
Hibernate: select course_.id, course_.author_person_id as author_p3_0_, course_.label as label2_0_ from course course_ where course_.id=?
Hibernate: insert into section (course_id, seats, title) values (?, ?, ?)
Hibernate: select course_.id, course_.author_person_id as author_p3_0_, course_.label as label2_0_ from course course_ where course_.id=?
Hibernate: insert into section (course_id, seats, title) values (?, ?, ?)
Hibernate: select course_.id, course_.author_person_id as author_p3_0_, course_.label as label2_0_ from course course_ where course_.id=?
Hibernate: insert into section (course_id, seats, title) values (?, ?, ?)
Hibernate: select section0_.id as id1_3_0_, section0_.course_id as course_i4_3_0_, section0_.seats as seats2_3_0_, section0_.title as title3_3_0_ from section section0_ where section0_.id=?
Hibernate: select course0_.id as id1_0_0_, course0_.author_person_id as author_p3_0_0_, course0_.label as label2_0_0_ from course course0_ where course0_.id=?
Hibernate: select faculty0_.person_id as person_i2_2_1_, faculty0_.first_name as first_na3_2_1_, faculty0_.last_name as last_nam4_2_1_, faculty0_.password as password5_2_1_, faculty0_.username as username6_2_1_, faculty0_.office as office7_2_1_, faculty0_.tenure as tenure8_2_1_, authoredco1_.author_person_id as author_p3_0_3_, authoredco1_.id as id1_0_3_, authoredco1_.id as id1_0_0_, authoredco1_.author_person_id as author_p3_0_0_, authoredco1_.label as label2_0_0_ from person faculty0_ left outer join course authoredco1_ on faculty0_.person_id=authoredco1_.author_person_id where faculty0_.person_id=? and faculty0_.dtype='Faculty'
Hibernate: select enrolledst0_.section_id as section_2_1_0_, enrolledst0_.student_id as student_1_1_0_, student1_.person_id as person_i2_2_1_, student1_.first_name as first_na3_2_1_, student1_.last_name as last_nam4_2_1_, student1_.password as password5_2_1_, student1_.username as username6_2_1_, student1_.grad_year as grad_yea9_2_1_, student1_.scholarship as scholar10_2_1_ from enrollment enrolledst0_ inner join person student1_ on enrolledst0_.student_id=student1_.person_id where enrolledst0_.section_id=?
Hibernate: select sections0_.course_id as course_i4_3_0_, sections0_.id as id1_3_0_, sections0_.id as id1_3_1_, sections0_.course_id as course_i4_3_1_, sections0_.seats as seats2_3_1_, sections0_.title as title3_3_1_ from section sections0_ where sections0_.course_id=?
Hibernate: select enrolledst0_.section_id as section_2_1_0_, enrolledst0_.student_id as student_1_1_0_, student1_.person_id as person_i2_2_1_, student1_.first_name as first_na3_2_1_, student1_.last_name as last_nam4_2_1_, student1_.password as password5_2_1_, student1_.username as username6_2_1_, student1_.grad_year as grad_yea9_2_1_, student1_.scholarship as scholar10_2_1_ from enrollment enrolledst0_ inner join person student1_ on enrolledst0_.student_id=student1_.person_id where enrolledst0_.section_id=?
Hibernate: select sections0_.course_id as course_i4_3_0_, sections0_.id as id1_3_0_, sections0_.id as id1_3_1_, sections0_.course_id as course_i4_3_1_, sections0_.seats as seats2_3_1_, sections0_.title as title3_3_1_ from section sections0_ where sections0_.course_id=?
Hibernate: select enrolledst0_.section_id as section_2_1_0_, enrolledst0_.student_id as student_1_1_0_, student1_.person_id as person_i2_2_1_, student1_.first_name as first_na3_2_1_, student1_.last_name as last_nam4_2_1_, student1_.password as password5_2_1_, student1_.username as username6_2_1_, student1_.grad_year as grad_yea9_2_1_, student1_.scholarship as scholar10_2_1_ from enrollment enrolledst0_ inner join person student1_ on enrolledst0_.student_id=student1_.person_id where enrolledst0_.section_id=?
Hibernate: update section set course_id=?, seats=?, title=? where id=?
Hibernate: select section0_.id as id1_3_0_, section0_.course_id as course_i4_3_0_, section0_.seats as seats2_3_0_, section0_.title as title3_3_0_ from section section0_ where section0_.id=?
Hibernate: select course0_.id as id1_0_0_, course0_.author_person_id as author_p3_0_0_, course0_.label as label2_0_0_ from course course0_ where course0_.id=?
Hibernate: select faculty0_.person_id as person_i2_2_1_, faculty0_.first_name as first_na3_2_1_, faculty0_.last_name as last_nam4_2_1_, faculty0_.password as password5_2_1_, faculty0_.username as username6_2_1_, faculty0_.office as office7_2_1_, faculty0_.tenure as tenure8_2_1_, authoredco1_.author_person_id as author_p3_0_3_, authoredco1_.id as id1_0_3_, authoredco1_.id as id1_0_0_, authoredco1_.author_person_id as author_p3_0_0_, authoredco1_.label as label2_0_0_ from person faculty0_ left outer join course authoredco1_ on faculty0_.person_id=authoredco1_.author_person_id where faculty0_.person_id=? and faculty0_.dtype='Faculty'
Hibernate: select enrolledst0_.section_id as section_2_1_0_, enrolledst0_.student_id as student_1_1_0_, student1_.person_id as person_i2_2_1_, student1_.first_name as first_na3_2_1_, student1_.last_name as last_nam4_2_1_, student1_.password as password5_2_1_, student1_.username as username6_2_1_, student1_.grad_year as grad_yea9_2_1_, student1_.scholarship as scholar10_2_1_ from enrollment enrolledst0_ inner join person student1_ on enrolledst0_.student_id=student1_.person_id where enrolledst0_.section_id=?
Hibernate: select sections0_.course_id as course_i4_3_0_, sections0_.id as id1_3_0_, sections0_.id as id1_3_1_, sections0_.course_id as course_i4_3_1_, sections0_.seats as seats2_3_1_, sections0_.title as title3_3_1_ from section sections0_ where sections0_.course_id=?
Hibernate: select enrolledst0_.section_id as section_2_1_0_, enrolledst0_.student_id as student_1_1_0_, student1_.person_id as person_i2_2_1_, student1_.first_name as first_na3_2_1_, student1_.last_name as last_nam4_2_1_, student1_.password as password5_2_1_, student1_.username as username6_2_1_, student1_.grad_year as grad_yea9_2_1_, student1_.scholarship as scholar10_2_1_ from enrollment enrolledst0_ inner join person student1_ on enrolledst0_.student_id=student1_.person_id where enrolledst0_.section_id=?
Hibernate: select sections0_.course_id as course_i4_3_0_, sections0_.id as id1_3_0_, sections0_.id as id1_3_1_, sections0_.course_id as course_i4_3_1_, sections0_.seats as seats2_3_1_, sections0_.title as title3_3_1_ from section sections0_ where sections0_.course_id=?
Hibernate: select enrolledst0_.section_id as section_2_1_0_, enrolledst0_.student_id as student_1_1_0_, student1_.person_id as person_i2_2_1_, student1_.first_name as first_na3_2_1_, student1_.last_name as last_nam4_2_1_, student1_.password as password5_2_1_, student1_.username as username6_2_1_, student1_.grad_year as grad_yea9_2_1_, student1_.scholarship as scholar10_2_1_ from enrollment enrolledst0_ inner join person student1_ on enrolledst0_.student_id=student1_.person_id where enrolledst0_.section_id=?
Hibernate: update section set course_id=?, seats=?, title=? where id=?
Hibernate: select section0_.id as id1_3_0_, section0_.course_id as course_i4_3_0_, section0_.seats as seats2_3_0_, section0_.title as title3_3_0_ from section section0_ where section0_.id=?
Hibernate: select course0_.id as id1_0_0_, course0_.author_person_id as author_p3_0_0_, course0_.label as label2_0_0_ from course course0_ where course0_.id=?
Hibernate: select faculty0_.person_id as person_i2_2_1_, faculty0_.first_name as first_na3_2_1_, faculty0_.last_name as last_nam4_2_1_, faculty0_.password as password5_2_1_, faculty0_.username as username6_2_1_, faculty0_.office as office7_2_1_, faculty0_.tenure as tenure8_2_1_, authoredco1_.author_person_id as author_p3_0_3_, authoredco1_.id as id1_0_3_, authoredco1_.id as id1_0_0_, authoredco1_.author_person_id as author_p3_0_0_, authoredco1_.label as label2_0_0_ from person faculty0_ left outer join course authoredco1_ on faculty0_.person_id=authoredco1_.author_person_id where faculty0_.person_id=? and faculty0_.dtype='Faculty'
Hibernate: select enrolledst0_.section_id as section_2_1_0_, enrolledst0_.student_id as student_1_1_0_, student1_.person_id as person_i2_2_1_, student1_.first_name as first_na3_2_1_, student1_.last_name as last_nam4_2_1_, student1_.password as password5_2_1_, student1_.username as username6_2_1_, student1_.grad_year as grad_yea9_2_1_, student1_.scholarship as scholar10_2_1_ from enrollment enrolledst0_ inner join person student1_ on enrolledst0_.student_id=student1_.person_id where enrolledst0_.section_id=?
Hibernate: select sections0_.course_id as course_i4_3_0_, sections0_.id as id1_3_0_, sections0_.id as id1_3_1_, sections0_.course_id as course_i4_3_1_, sections0_.seats as seats2_3_1_, sections0_.title as title3_3_1_ from section sections0_ where sections0_.course_id=?
Hibernate: select enrolledst0_.section_id as section_2_1_0_, enrolledst0_.student_id as student_1_1_0_, student1_.person_id as person_i2_2_1_, student1_.first_name as first_na3_2_1_, student1_.last_name as last_nam4_2_1_, student1_.password as password5_2_1_, student1_.username as username6_2_1_, student1_.grad_year as grad_yea9_2_1_, student1_.scholarship as scholar10_2_1_ from enrollment enrolledst0_ inner join person student1_ on enrolledst0_.student_id=student1_.person_id where enrolledst0_.section_id=?
Hibernate: select sections0_.course_id as course_i4_3_0_, sections0_.id as id1_3_0_, sections0_.id as id1_3_1_, sections0_.course_id as course_i4_3_1_, sections0_.seats as seats2_3_1_, sections0_.title as title3_3_1_ from section sections0_ where sections0_.course_id=?
Hibernate: select enrolledst0_.section_id as section_2_1_0_, enrolledst0_.student_id as student_1_1_0_, student1_.person_id as person_i2_2_1_, student1_.first_name as first_na3_2_1_, student1_.last_name as last_nam4_2_1_, student1_.password as password5_2_1_, student1_.username as username6_2_1_, student1_.grad_year as grad_yea9_2_1_, student1_.scholarship as scholar10_2_1_ from enrollment enrolledst0_ inner join person student1_ on enrolledst0_.student_id=student1_.person_id where enrolledst0_.section_id=?
Hibernate: update section set course_id=?, seats=?, title=? where id=?
Hibernate: select section0_.id as id1_3_0_, section0_.course_id as course_i4_3_0_, section0_.seats as seats2_3_0_, section0_.title as title3_3_0_ from section section0_ where section0_.id=?
Hibernate: select course0_.id as id1_0_0_, course0_.author_person_id as author_p3_0_0_, course0_.label as label2_0_0_ from course course0_ where course0_.id=?
Hibernate: select faculty0_.person_id as person_i2_2_1_, faculty0_.first_name as first_na3_2_1_, faculty0_.last_name as last_nam4_2_1_, faculty0_.password as password5_2_1_, faculty0_.username as username6_2_1_, faculty0_.office as office7_2_1_, faculty0_.tenure as tenure8_2_1_, authoredco1_.author_person_id as author_p3_0_3_, authoredco1_.id as id1_0_3_, authoredco1_.id as id1_0_0_, authoredco1_.author_person_id as author_p3_0_0_, authoredco1_.label as label2_0_0_ from person faculty0_ left outer join course authoredco1_ on faculty0_.person_id=authoredco1_.author_person_id where faculty0_.person_id=? and faculty0_.dtype='Faculty'
Hibernate: select enrolledst0_.section_id as section_2_1_0_, enrolledst0_.student_id as student_1_1_0_, student1_.person_id as person_i2_2_1_, student1_.first_name as first_na3_2_1_, student1_.last_name as last_nam4_2_1_, student1_.password as password5_2_1_, student1_.username as username6_2_1_, student1_.grad_year as grad_yea9_2_1_, student1_.scholarship as scholar10_2_1_ from enrollment enrolledst0_ inner join person student1_ on enrolledst0_.student_id=student1_.person_id where enrolledst0_.section_id=?
Hibernate: select sections0_.course_id as course_i4_3_0_, sections0_.id as id1_3_0_, sections0_.id as id1_3_1_, sections0_.course_id as course_i4_3_1_, sections0_.seats as seats2_3_1_, sections0_.title as title3_3_1_ from section sections0_ where sections0_.course_id=?
Hibernate: select sections0_.course_id as course_i4_3_0_, sections0_.id as id1_3_0_, sections0_.id as id1_3_1_, sections0_.course_id as course_i4_3_1_, sections0_.seats as seats2_3_1_, sections0_.title as title3_3_1_ from section sections0_ where sections0_.course_id=?
Hibernate: select enrolledst0_.section_id as section_2_1_0_, enrolledst0_.student_id as student_1_1_0_, student1_.person_id as person_i2_2_1_, student1_.first_name as first_na3_2_1_, student1_.last_name as last_nam4_2_1_, student1_.password as password5_2_1_, student1_.username as username6_2_1_, student1_.grad_year as grad_yea9_2_1_, student1_.scholarship as scholar10_2_1_ from enrollment enrolledst0_ inner join person student1_ on enrolledst0_.student_id=student1_.person_id where enrolledst0_.section_id=?
Hibernate: select enrolledst0_.section_id as section_2_1_0_, enrolledst0_.student_id as student_1_1_0_, student1_.person_id as person_i2_2_1_, student1_.first_name as first_na3_2_1_, student1_.last_name as last_nam4_2_1_, student1_.password as password5_2_1_, student1_.username as username6_2_1_, student1_.grad_year as grad_yea9_2_1_, student1_.scholarship as scholar10_2_1_ from enrollment enrolledst0_ inner join person student1_ on enrolledst0_.student_id=student1_.person_id where enrolledst0_.section_id=?
Hibernate: update section set course_id=?, seats=?, title=? where id=?
Hibernate: select section0_.id as id1_3_, section0_.course_id as course_i4_3_, section0_.seats as seats2_3_, section0_.title as title3_3_ from section section0_
Hibernate: select course0_.id as id1_0_0_, course0_.author_person_id as author_p3_0_0_, course0_.label as label2_0_0_, faculty1_.person_id as person_i2_2_1_, faculty1_.first_name as first_na3_2_1_, faculty1_.last_name as last_nam4_2_1_, faculty1_.password as password5_2_1_, faculty1_.username as username6_2_1_, faculty1_.office as office7_2_1_, faculty1_.tenure as tenure8_2_1_, sections2_.course_id as course_i4_3_2_, sections2_.id as id1_3_2_, sections2_.id as id1_3_3_, sections2_.course_id as course_i4_3_3_, sections2_.seats as seats2_3_3_, sections2_.title as title3_3_3_, enrolledst3_.section_id as section_2_1_4_, student4_.person_id as student_1_1_4_, student4_.person_id as person_i2_2_5_, student4_.first_name as first_na3_2_5_, student4_.last_name as last_nam4_2_5_, student4_.password as password5_2_5_, student4_.username as username6_2_5_, student4_.grad_year as grad_yea9_2_5_, student4_.scholarship as scholar10_2_5_ from course course0_ left outer join person faculty1_ on course0_.author_person_id=faculty1_.person_id left outer join section sections2_ on course0_.id=sections2_.course_id left outer join enrollment enrolledst3_ on sections2_.id=enrolledst3_.section_id left outer join person student4_ on enrolledst3_.student_id=student4_.person_id where course0_.id=?
Hibernate: select course0_.id as id1_0_0_, course0_.author_person_id as author_p3_0_0_, course0_.label as label2_0_0_, faculty1_.person_id as person_i2_2_1_, faculty1_.first_name as first_na3_2_1_, faculty1_.last_name as last_nam4_2_1_, faculty1_.password as password5_2_1_, faculty1_.username as username6_2_1_, faculty1_.office as office7_2_1_, faculty1_.tenure as tenure8_2_1_, sections2_.course_id as course_i4_3_2_, sections2_.id as id1_3_2_, sections2_.id as id1_3_3_, sections2_.course_id as course_i4_3_3_, sections2_.seats as seats2_3_3_, sections2_.title as title3_3_3_, enrolledst3_.section_id as section_2_1_4_, student4_.person_id as student_1_1_4_, student4_.person_id as person_i2_2_5_, student4_.first_name as first_na3_2_5_, student4_.last_name as last_nam4_2_5_, student4_.password as password5_2_5_, student4_.username as username6_2_5_, student4_.grad_year as grad_yea9_2_5_, student4_.scholarship as scholar10_2_5_ from course course0_ left outer join person faculty1_ on course0_.author_person_id=faculty1_.person_id left outer join section sections2_ on course0_.id=sections2_.course_id left outer join enrollment enrolledst3_ on sections2_.id=enrolledst3_.section_id left outer join person student4_ on enrolledst3_.student_id=student4_.person_id where course0_.id=?
Hibernate: select course0_.id as id1_0_0_, course0_.author_person_id as author_p3_0_0_, course0_.label as label2_0_0_, faculty1_.person_id as person_i2_2_1_, faculty1_.first_name as first_na3_2_1_, faculty1_.last_name as last_nam4_2_1_, faculty1_.password as password5_2_1_, faculty1_.username as username6_2_1_, faculty1_.office as office7_2_1_, faculty1_.tenure as tenure8_2_1_, sections2_.course_id as course_i4_3_2_, sections2_.id as id1_3_2_, sections2_.id as id1_3_3_, sections2_.course_id as course_i4_3_3_, sections2_.seats as seats2_3_3_, sections2_.title as title3_3_3_, enrolledst3_.section_id as section_2_1_4_, student4_.person_id as student_1_1_4_, student4_.person_id as person_i2_2_5_, student4_.first_name as first_na3_2_5_, student4_.last_name as last_nam4_2_5_, student4_.password as password5_2_5_, student4_.username as username6_2_5_, student4_.grad_year as grad_yea9_2_5_, student4_.scholarship as scholar10_2_5_ from course course0_ left outer join person faculty1_ on course0_.author_person_id=faculty1_.person_id left outer join section sections2_ on course0_.id=sections2_.course_id left outer join enrollment enrolledst3_ on sections2_.id=enrolledst3_.section_id left outer join person student4_ on enrolledst3_.student_id=student4_.person_id where course0_.id=?
Hibernate: select authoredco0_.author_person_id as author_p3_0_0_, authoredco0_.id as id1_0_0_, authoredco0_.id as id1_0_1_, authoredco0_.author_person_id as author_p3_0_1_, authoredco0_.label as label2_0_1_ from course authoredco0_ where authoredco0_.author_person_id=?
Hibernate: select authoredco0_.author_person_id as author_p3_0_0_, authoredco0_.id as id1_0_0_, authoredco0_.id as id1_0_1_, authoredco0_.author_person_id as author_p3_0_1_, authoredco0_.label as label2_0_1_ from course authoredco0_ where authoredco0_.author_person_id=?
Hibernate: select sections0_.course_id as course_i4_3_0_, sections0_.id as id1_3_0_, sections0_.id as id1_3_1_, sections0_.course_id as course_i4_3_1_, sections0_.seats as seats2_3_1_, sections0_.title as title3_3_1_ from section sections0_ where sections0_.course_id=?
]]></system-out>
  </testcase>
  <testcase name="testValidateSection" classname="edu.northeastern.cs5200.TestAll" time="7.636"/>
  <testcase name="testValidateSectionPerCourse" classname="edu.northeastern.cs5200.TestAll" time="8.088"/>
  <testcase name="testValidateUser" classname="edu.northeastern.cs5200.TestAll" time="8.91"/>
</testsuite>